[2015.07.25-15.14.47:877][  0]Log file open, 07/25/15 17:14:47
[2015.07.25-15.14.47:877][  0]LogInit:Display: Running engine for game: Try_1
[2015.07.25-15.14.47:877][  0]LogInit:Display: RandInit(-958425878) SRandInit(-958425878).
[2015.07.25-15.14.47:877][  0]LogTaskGraph: Started task graph with 4 named threads and 7 total threads.
[2015.07.25-15.14.47:877][  0]LogStats: Stats thread started
[2015.07.25-15.14.47:877][  0]LogInit: Version: 4.8.2-2614606+++depot+UE4-Releases+4.8
[2015.07.25-15.14.47:877][  0]LogInit: API Version: 2579680
[2015.07.25-15.14.47:877][  0]LogInit: Compiled (64-bit): Jul  8 2015 23:43:41
[2015.07.25-15.14.47:877][  0]LogInit: Compiled with Visual C++: 18.00.21005.01
[2015.07.25-15.14.47:877][  0]LogInit: Build Configuration: Development
[2015.07.25-15.14.47:877][  0]LogInit: Branch Name: ++depot+UE4-Releases+4.8
[2015.07.25-15.14.47:877][  0]LogInit: Command line: 
[2015.07.25-15.14.47:877][  0]LogInit: Base directory: D:/UNREAL/Epic Games/4.8/Engine/Binaries/Win64/
[2015.07.25-15.14.47:877][  0]LogInit: Rocket: 1
[2015.07.25-15.14.47:891][  0]LogInit: Using libcurl 7.41.0
[2015.07.25-15.14.47:891][  0]LogInit:  - built for x86_64-pc-win32
[2015.07.25-15.14.47:891][  0]LogInit:  - supports SSL with WinSSL
[2015.07.25-15.14.47:891][  0]LogInit:  - other features:
[2015.07.25-15.14.47:891][  0]LogInit:      CURL_VERSION_SSL
[2015.07.25-15.14.47:891][  0]LogInit:      CURL_VERSION_IPV6
[2015.07.25-15.14.47:891][  0]LogInit:      CURL_VERSION_ASYNCHDNS
[2015.07.25-15.14.47:891][  0]LogInit:      CURL_VERSION_LARGEFILE
[2015.07.25-15.14.47:891][  0]LogInit:      CURL_VERSION_IDN
[2015.07.25-15.14.47:891][  0]LogInit:  CurlRequestOptions (configurable via config and command line):
[2015.07.25-15.14.47:891][  0]LogInit:  - bVerifyPeer = true  - Libcurl will verify peer certificate
[2015.07.25-15.14.47:891][  0]LogInit:  - bUseHttpProxy = false  - Libcurl will NOT use HTTP proxy
[2015.07.25-15.14.47:891][  0]LogInit:  - bDontReuseConnections = false  - Libcurl will reuse connections
[2015.07.25-15.14.47:891][  0]LogInit:  - CertBundlePath = nullptr  - Libcurl will use whatever was configured at build time.
[2015.07.25-15.14.47:903][  0]LogOnline:Warning: No default platform service specified for OnlineSubsystem
[2015.07.25-15.14.47:932][  0]LogInit: Presizing for 0 objects not considered by GC, pre-allocating 0 bytes.
[2015.07.25-15.14.47:940][  0]LogInit: Object subsystem initialized
[2015.07.25-15.14.47:941][  0]LogConsoleResponse:Warning: Skipping Unknown console variable: 'TranslucentSortAxis = (X=0.000000,Y=-1.000000,Z=0.000000)'
[2015.07.25-15.14.47:941][  0]LogConsoleResponse:Warning:   Found in ini file 'D:/PROJECTS/UNREAL/Try_1/Saved/Config/Windows/Engine.ini', in section '[/Script/Engine.RendererSettings]'
[2015.07.25-15.14.47:941][  0]LogConsoleResponse:Warning: Skipping Unknown console variable: 'UIScaleRule = ShortestSide'
[2015.07.25-15.14.47:941][  0]LogConsoleResponse:Warning:   Found in ini file 'D:/PROJECTS/UNREAL/Try_1/Saved/Config/Windows/Engine.ini', in section '[/Script/Engine.RendererSettings]'
[2015.07.25-15.14.47:941][  0]LogConsoleResponse:Warning: Skipping Unknown console variable: 'UIScaleCurve = (EditorCurveData=(Keys=),ExternalCurve=None)'
[2015.07.25-15.14.47:941][  0]LogConsoleResponse:Warning:   Found in ini file 'D:/PROJECTS/UNREAL/Try_1/Saved/Config/Windows/Engine.ini', in section '[/Script/Engine.RendererSettings]'
[2015.07.25-15.14.47:942][  0]LogInit: Selected Device Profile: [Windows]
[2015.07.25-15.14.47:942][  0]LogInit: Applying CVar settings loaded from the selected device profile: [Windows]
[2015.07.25-15.14.47:950][  0]LogInit: Computer: SHADOW
[2015.07.25-15.14.47:950][  0]LogInit: User: hooky000
[2015.07.25-15.14.47:950][  0]LogInit: CPU Page size=4096, Cores=4
[2015.07.25-15.14.47:950][  0]LogInit: High frequency timer resolution =2.241003 MHz
[2015.07.25-15.14.47:950][  0]LogMemory: Memory total: Physical=15.9GB (16GB approx)
[2015.07.25-15.14.47:950][  0]LogMemory: Platform Memory Stats for Windows
[2015.07.25-15.14.47:950][  0]LogMemory: Process Physical Memory: 48.69 MB used, 48.69 MB peak
[2015.07.25-15.14.47:950][  0]LogMemory: Process Virtual Memory: 24.81 MB used, 24.81 MB peak
[2015.07.25-15.14.47:950][  0]LogMemory: Physical Memory: 5357.60 MB used, 16240.93 MB total
[2015.07.25-15.14.47:950][  0]LogMemory: Virtual Memory: 294.65 MB used, 134217728.00 MB total
[2015.07.25-15.14.48:048][  0]LogTextLocalizationManager: The requested culture ('pl_PL') has no localization data; falling back to 'en' for localization and internationalization data.
[2015.07.25-15.14.48:292][  0]LogTextLocalizationManager:Warning: Loaded localization resources contain conflicting entries for (Namespace:ContentBrowser, Key:ImportAssetToolTip):
Localization Resource: (D:/UNREAL/Epic Games/4.8/Engine/Content/Localization/Editor/en/Editor.locres) Source String Hash: (-630476809) Localized String: (Import to {0}...)
Localization Resource: (D:/UNREAL/Epic Games/4.8/Engine/Content/Localization/Editor/en/Editor.locres) Source String Hash: (1271782899) Localized String: (Imports an asset from file to this folder.)
[2015.07.25-15.14.48:757][  0]LogD3D11RHI: Found D3D11 adapter 0: NVIDIA GeForce GT 650M   (Feature Level 11_0)
[2015.07.25-15.14.48:757][  0]LogD3D11RHI: Adapter has 1986MB of dedicated video memory, 0MB of dedicated system memory, and 2048MB of shared system memory, 1 output[s]
[2015.07.25-15.14.48:777][  0]LogD3D11RHI: Found D3D11 adapter 1: NVIDIA GeForce GT 650M   (Feature Level 11_0)
[2015.07.25-15.14.48:777][  0]LogD3D11RHI: Adapter has 1986MB of dedicated video memory, 0MB of dedicated system memory, and 2048MB of shared system memory, 0 output[s]
[2015.07.25-15.14.48:784][  0]LogD3D11RHI: Found D3D11 adapter 2: Microsoft Basic Render Driver (Feature Level 11_0)
[2015.07.25-15.14.48:784][  0]LogD3D11RHI: Adapter has 1986MB of dedicated video memory, 0MB of dedicated system memory, and 2048MB of shared system memory, 0 output[s]
[2015.07.25-15.14.48:784][  0]LogD3D11RHI: Chosen D3D11 Adapter Id = 0
[2015.07.25-15.14.48:789][  0]LogD3D11RHI: InitD3DDevice
[2015.07.25-15.14.48:789][  0]LogD3D11RHI: !Direct3DDevice
[2015.07.25-15.14.48:789][  0]LogRHI: Texture pool is 1361 MB (70% of 1945 MB)
[2015.07.25-15.14.48:803][  0]LogD3D11RHI: Async texture creation enabled
[2015.07.25-15.14.48:820][  0]LogShaderCompilers:Display: Using Local Shader Compiler.
[2015.07.25-15.14.49:885][  0]LogTemp:Display: Loaded TP DesktopTargetPlatform
[2015.07.25-15.14.49:900][  0]LogTemp:Display: Loaded TP WindowsClientTargetPlatform
[2015.07.25-15.14.49:916][  0]LogTemp:Display: Loaded TP WindowsNoEditorTargetPlatform
[2015.07.25-15.14.49:934][  0]LogTemp:Display: Loaded TP WindowsServerTargetPlatform
[2015.07.25-15.14.49:952][  0]LogTemp:Display: Loaded TP WindowsTargetPlatform
[2015.07.25-15.14.49:966][  0]LogTemp:Display: Loaded TP AndroidTargetPlatform
[2015.07.25-15.14.49:981][  0]LogTemp:Display: Loaded TP Android_ASTCTargetPlatform
[2015.07.25-15.14.49:995][  0]LogTemp:Display: Loaded TP Android_ATCTargetPlatform
[2015.07.25-15.14.50:009][  0]LogTemp:Display: Loaded TP Android_DXTTargetPlatform
[2015.07.25-15.14.50:023][  0]LogTemp:Display: Loaded TP Android_ETC1TargetPlatform
[2015.07.25-15.14.50:038][  0]LogTemp:Display: Loaded TP Android_ETC2TargetPlatform
[2015.07.25-15.14.50:053][  0]LogTemp:Display: Loaded TP Android_PVRTCTargetPlatform
[2015.07.25-15.14.50:112][  0]LogTemp:Display: Loaded TP IOSTargetPlatform
[2015.07.25-15.14.50:126][  0]LogTemp:Display: Loaded TP LinuxNoEditorTargetPlatform
[2015.07.25-15.14.50:140][  0]LogTemp:Display: Loaded TP LinuxServerTargetPlatform
[2015.07.25-15.14.50:158][  0]LogTemp:Display: Loaded TP LinuxTargetPlatform
[2015.07.25-15.14.50:158][  0]LogTargetPlatformManager:Display: Building Assets For Windows
[2015.07.25-15.14.50:459][  0]LogDerivedDataCache:Display: Max Cache Size: 512 MB
[2015.07.25-15.14.50:507][  0]LogDerivedDataCache: Loaded boot cache 0.05s 53MB C:/Users/hooky_000/AppData/Local/UnrealEngine/4.8/DerivedDataCache/Boot.ddc.
[2015.07.25-15.14.50:507][  0]LogDerivedDataCache:Display: Loaded Boot cache: C:/Users/hooky_000/AppData/Local/UnrealEngine/4.8/DerivedDataCache/Boot.ddc
[2015.07.25-15.14.50:507][  0]LogDerivedDataCache: FDerivedDataBackendGraph:  Pak pak cache file ../../../../../../PROJECTS/UNREAL/Try_1/DerivedDataCache/DDC.ddp not found, will not use a pak cache.
[2015.07.25-15.14.50:507][  0]LogDerivedDataCache: Unable to find inner node Pak for hierarchical cache Hierarchy.
[2015.07.25-15.14.50:507][  0]LogDerivedDataCache: FDerivedDataBackendGraph:  CompressedPak pak cache file ../../../../../../PROJECTS/UNREAL/Try_1/DerivedDataCache/Compressed.ddp not found, will not use a pak cache.
[2015.07.25-15.14.50:507][  0]LogDerivedDataCache: Unable to find inner node CompressedPak for hierarchical cache Hierarchy.
[2015.07.25-15.14.50:674][  0]LogDerivedDataCache:Display: Pak cache opened for reading ../../../Engine/DerivedDataCache/Compressed.ddp.
[2015.07.25-15.14.50:687][  0]LogDerivedDataCache: Using Local data cache path C:/Users/hooky_000/AppData/Local/UnrealEngine/Common/DerivedDataCache: Writable
[2015.07.25-15.14.51:604][  0]LogInit: Selected Device Profile: [Windows]
[2015.07.25-15.14.51:693][  0]ImportText (ComponentSweepMultiTests): Missing closing parenthesis: (RootShapeAsset="/Engine/BasicShapes/Cube.Cube",ShapeType="TriggerCapsule",HitResult=(Time=0.50,Location=(X=-100.000015,Y=0.0,Z=100.000015),ImpactPoint=(X=-50.0,Y=0.0,Z=50.0),Normal=(X=-1.0,Y=-0.0,Z=0.0),ImpactNormal=(X=0.0,Y=0.0,Z=1.0),TraceStart=(X=-200.0,Y=0.0,Z=200.0),TraceEnd=(X=0.0,Y=0.0,Z=0.0))
[2015.07.25-15.14.51:693][  0]ImportText (LineTraceSingleByChannelTests): Missing closing parenthesis: (RootShapeAsset="/Engine/BasicShapes/Cube.Cube",HitResult=(Time=0.50,Location=(X=-100.000015,Y=0.0,Z=100.000015),ImpactPoint=(X=-50.0,Y=0.0,Z=50.0),Normal=(X=-1.0,Y=-0.0,Z=0.0),ImpactNormal=(X=0.0,Y=0.0,Z=1.0),TraceStart=(X=-200.0,Y=0.0,Z=200.0),TraceEnd=(X=0.0,Y=0.0,Z=0.0))
[2015.07.25-15.14.51:725][  0]LogMeshUtilities: No automatic mesh reduction module available
[2015.07.25-15.14.51:725][  0]LogMeshUtilities: No automatic mesh merging module available
[2015.07.25-15.14.52:069][  0]LogInit: WinSock: version 1.1 (2.2), MaxSocks=32767, MaxUdp=65467
[2015.07.25-15.14.53:617][  0]UdpMessaging: Initializing bridge on interface 0.0.0.0:0 to multicast group 230.0.0.1:6666.
[2015.07.25-15.14.54:013][  0]SourceControl: Info Source control is disabled
[2015.07.25-15.14.54:014][  0]SourceControl: Info Source control is disabled
[2015.07.25-15.14.54:025][  0]SourceControl: Info Source control is disabled
[2015.07.25-15.14.54:036][  0]SourceControl: Info Source control is disabled
[2015.07.25-15.14.54:326][  0]LogObj: 26273 objects as part of root set at end of initial load.
[2015.07.25-15.14.54:326][  0]LogUObjectAllocator: 5409248 out of 0 bytes used by permanent object pool.
[2015.07.25-15.14.54:406][  0]LogEngine: Initializing Engine...
[2015.07.25-15.14.54:408][  0]LogHMD: Can't find Oculus library dev build: is proper Runtime installed? Version: 0.6.0.0
[2015.07.25-15.14.54:420][  0]LogHMD:Warning: SteamVR failed to initialize.  Error: 110
[2015.07.25-15.14.54:599][  0]LogAIModule: Creating AISystem for world NewWorld
[2015.07.25-15.14.54:610][  0]LogInit: XAudio2 using 'Głośniki / Słuchawki (IDT High Definition Audio CODEC)' : 2 channels at 48 kHz using 16 bits per sample (channel mask 0x3)
[2015.07.25-15.14.54:704][  0]LogInit: FAudioDevice initialized.
[2015.07.25-15.14.54:743][  0]LogDerivedDataCache: Saved boot cache 0.04s 53MB C:/Users/hooky_000/AppData/Local/UnrealEngine/4.8/DerivedDataCache/Boot.ddc.
[2015.07.25-15.14.54:749][  0]LogInit: Texture streaming: Disabled
[2015.07.25-15.14.54:775][  0]LogAnalytics: Creating configured Analytics provider AnalyticsET
[2015.07.25-15.14.54:775][  0]LogAnalytics: [UEEditor.Rocket.Release] APIServer = http://et2.epicgames.com/ET2/. AppVersion = 4.8.2-2614606+++depot+UE4-Releases+4.8
[2015.07.25-15.14.54:775][  0]LogAnalytics: [UEEditor.Rocket.Release] SetUserId 0ed3af18429ee1eeeefd91a1be868d0d|e010a70c7c7f4f2888452a4b50eeb526|13e4c4d9-078d-4e2f-b402-a8e53b84c967
[2015.07.25-15.14.54:776][  0]LogAnalytics: [UEEditor.Rocket.Release] AnalyticsET::StartSession
[2015.07.25-15.14.54:809][  0]LogInit: Transaction tracking system initialized
[2015.07.25-15.14.54:953][  0]BlueprintLog: New page: Editor Load
[2015.07.25-15.14.54:990][  0]LogAssetRegistry: FAssetRegistry took 0.0109 seconds to start up
[2015.07.25-15.14.54:990][  0]LogDirectoryWatcher:Warning: Failed to begin reading directory changes for ../../../Engine/Plugins/Experimental/CharacterAI/Content/. Error: 0
[2015.07.25-15.14.55:803][  0]LogConsoleManager:Warning: Console variable 'r.VSync' wasn't set ('GameSetting' has a lower priority than 'SystemSettingsIni')
[2015.07.25-15.14.55:804][  0]LogConsoleResponse:Display: 
[2015.07.25-15.14.55:928][  0]LogCook:Display: Done creating registry. It took  0.00s.
[2015.07.25-15.14.56:138][  0]SourceControl: Info Source control is disabled
[2015.07.25-15.14.56:138][  0]Cmd: MAP LOAD FILE="../../../../../../PROJECTS/UNREAL/Try_1/Content/ThirdPersonBP/Maps/ThirdPersonExampleMap.umap" TEMPLATE=0 SHOWPROGRESS=1 FEATURELEVEL=3
[2015.07.25-15.14.56:139][  0]LightingResults: New page: Lighting Build
[2015.07.25-15.14.56:152][  0]MapCheck: New page: Map Check
[2015.07.25-15.14.56:152][  0]LightingResults: New page: Lighting Build
[2015.07.25-15.14.56:163][  0]LogParticles: Destroying 0 GPU particle simulations for FXSystem 0x0000010F03270B80
[2015.07.25-15.14.57:927][  0]LogAIModule: Creating AISystem for world ThirdPersonExampleMap
[2015.07.25-15.14.57:946][  0]LogEditorServer: Finished looking for orphan Actors (0.000 secs)
[2015.07.25-15.14.58:690][  0]Cmd: MAP CHECKDEP NOCLEARLOG
[2015.07.25-15.14.58:785][  0]MapCheck: Info Map check complete: 0 Error(s), 0 Warning(s), took 94.583ms to complete.
[2015.07.25-15.14.58:785][  0]LogFileHelpers: Loading map 'ThirdPersonExampleMap' took 2.647
[2015.07.25-15.14.58:895][  0]LogCollectionManager: Loaded 0 collections in 0.001451 seconds
[2015.07.25-15.14.58:904][  0]LogContentBrowser: Native class hierarchy populated in 0.0081 seconds. Added 1792 classes and 301 folders.
[2015.07.25-15.14.58:951][  0]LogContentBrowser: Native class hierarchy updated for 'WidgetCarousel' in 0.0005 seconds. Added 0 classes and 0 folders.
[2015.07.25-15.14.58:990][  0]LogContentBrowser: Native class hierarchy updated for 'AddContentDialog' in 0.0004 seconds. Added 0 classes and 0 folders.
[2015.07.25-15.14.59:007][  0]LogContentBrowser: Native class hierarchy updated for 'SceneOutliner' in 0.0005 seconds. Added 1 classes and 2 folders.
[2015.07.25-15.14.59:043][  0]LogCrashTracker: Crashtracker disabled due to settings.
[2015.07.25-15.14.59:044][  0]LogD3D11RHI: InitD3DDevice
[2015.07.25-15.14.59:048][  0]LogUObjectGlobals:Warning: Failed to find object 'Class None.'
[2015.07.25-15.14.59:070][  0]LogLoad: Full Startup: 13.08 seconds (BP compile: 0.63 seconds)
[2015.07.25-15.14.59:088][  0]LogWindowsTextInputMethodSystem:Display: IME system now deactivated.
[2015.07.25-15.14.59:160][  0]LogContentStreaming: Texture pool size is 0.000000MB
[2015.07.25-15.14.59:218][  0]LogContentStreaming: Texture pool size now 1000 MB
[2015.07.25-15.14.59:356][  0]LogRenderer: Reallocating scene render targets to support 960x488 (Frame:2).
[2015.07.25-15.14.59:900][  9]LogAssetRegistry: Asset discovery search completed in 4.9211 seconds
[2015.07.25-15.15.02:212][115]LogD3D11RHI: InitD3DDevice
[2015.07.25-15.15.04:284][209]LogD3D11RHI: InitD3DDevice
[2015.07.25-15.15.05:356][273]LogD3D11RHI: InitD3DDevice
[2015.07.25-15.15.06:727][331]LogD3D11RHI: InitD3DDevice
[2015.07.25-15.16.54:133][511]SourceControl:Error: Error Failed to enable Git source control. You need to initialize the project as a Git repository first.
[2015.07.25-15.16.54:135][511]LogD3D11RHI: InitD3DDevice
[2015.07.25-15.17.19:295][ 75]SourceControl:Error: Error Failed to enable Git source control. You need to initialize the project as a Git repository first.
[2015.07.25-15.17.19:298][ 75]LogD3D11RHI: InitD3DDevice
[2015.07.25-15.18.03:661][971]SourceControl:Error: Error Failed to enable Git source control. You need to initialize the project as a Git repository first.
[2015.07.25-15.18.03:664][971]LogD3D11RHI: InitD3DDevice
[2015.07.25-15.21.17:217][693]LogD3D11RHI: InitD3DDevice
[2015.07.25-15.21.50:777][189]SourceControl:Error: Error Failed to enable Git source control. You need to initialize the project as a Git repository first.
[2015.07.25-15.21.50:784][189]LogD3D11RHI: InitD3DDevice
[2015.07.25-15.21.54:110][328]LogD3D11RHI: InitD3DDevice
[2015.07.25-15.22.19:169][352]SourceControl: Info Source control is disabled
[2015.07.25-15.22.20:458][404]LogD3D11RHI: InitD3DDevice
[2015.07.25-15.22.22:446][522]LogD3D11RHI: InitD3DDevice
[2015.07.25-15.22.26:086][739]LogD3D11RHI: InitD3DDevice
[2015.07.25-15.22.31:084][ 37]LogD3D11RHI: InitD3DDevice
[2015.07.25-15.22.41:334][651]LogD3D11RHI: InitD3DDevice
[2015.07.25-15.22.43:584][743]LogD3D11RHI: InitD3DDevice
[2015.07.25-15.22.50:784][ 41]SourceControl:Error: Error Failed to enable Git source control. You need to initialize the project as a Git repository first.
[2015.07.25-15.22.50:786][ 41]LogD3D11RHI: InitD3DDevice
[2015.07.25-15.22.54:360][183]SourceControl: Info Source control is disabled
[2015.07.25-15.22.56:323][255]LogD3D11RHI: InitD3DDevice
[2015.07.25-15.22.57:551][328]LogD3D11RHI: InitD3DDevice
[2015.07.25-15.22.58:435][381]LogD3D11RHI: InitD3DDevice
[2015.07.25-15.23.00:068][479]LogD3D11RHI: InitD3DDevice
[2015.07.25-15.23.01:942][591]LogD3D11RHI: InitD3DDevice
[2015.07.25-15.23.05:024][776]LogD3D11RHI: InitD3DDevice
[2015.07.25-15.23.05:651][813]LogD3D11RHI: InitD3DDevice
[2015.07.25-15.23.07:079][899]LogD3D11RHI: InitD3DDevice
[2015.07.25-15.23.07:080][899]LogDirectoryWatcher:Warning: Failed to begin reading directory changes for ../../../../../../PROJECTS/UNREAL/Try_1/Plugins/. Error: 0
[2015.07.25-15.23.28:102][769]LogWindows: LaunchURL http://epicgames.com
[2015.07.25-15.27.48:953][882]LogD3D11RHI: InitD3DDevice
[2015.07.25-15.28.13:322][754]LogD3D11RHI: InitD3DDevice
[2015.07.25-15.28.14:380][817]LogD3D11RHI: InitD3DDevice
[2015.07.25-15.28.15:577][869]LogD3D11RHI: InitD3DDevice
[2015.07.25-15.28.20:375][100]SourceControl:Error: Error Failed to enable Git source control. You need to initialize the project as a Git repository first.
[2015.07.25-15.28.20:388][100]LogD3D11RHI: InitD3DDevice
[2015.07.25-15.28.29:496][479]SourceControl: Info Source control is disabled
[2015.07.25-15.31.27:543][ 76]LogD3D11RHI: InitD3DDevice
[2015.07.25-15.31.27:760][ 88]LogD3D11RHI: InitD3DDevice
[2015.07.25-15.31.28:495][132]LogD3D11RHI: InitD3DDevice
[2015.07.25-15.31.28:497][132]LogDirectoryWatcher:Warning: Failed to begin reading directory changes for ../../../../../../PROJECTS/UNREAL/Try_1/Plugins/. Error: 0
[2015.07.25-15.33.32:329][424]LogD3D11RHI: InitD3DDevice
[2015.07.25-15.33.47:936][ 39]Cmd: CLOSE_SLATE_MAINFRAME
[2015.07.25-15.33.48:381][ 40]Cmd: QUIT_EDITOR
[2015.07.25-15.33.48:526][ 40]LogWindowsTextInputMethodSystem:Display: IME system now deactivated.
[2015.07.25-15.33.48:649][ 40]LogExit: Preparing to exit.
[2015.07.25-15.33.49:137][ 40]LogExit: Editor shut down
[2015.07.25-15.33.49:138][ 40]LogExit: Transaction tracking system shut down
[2015.07.25-15.33.49:139][ 40]LogParticles: Destroying 0 GPU particle simulations for FXSystem 0x0000008877053740
[2015.07.25-15.33.49:139][ 40]LogParticles: Destroying 0 GPU particle simulations for FXSystem 0x0000010F136739C0
[2015.07.25-15.33.49:139][ 40]LogParticles: Destroying 0 GPU particle simulations for FXSystem 0x0000008825173C40
[2015.07.25-15.33.49:139][ 40]LogParticles: Destroying 0 GPU particle simulations for FXSystem 0x0000008825173A60
[2015.07.25-15.33.49:307][ 40]LogExit: Object subsystem successfully closed.
[2015.07.25-15.33.49:321][ 40]LogD3D11RHI: Shutdown
[2015.07.25-15.33.49:321][ 40]LogD3D11RHI: CleanupD3DDevice
[2015.07.25-15.33.49:398][ 40]LogD3D11RHI: ~FD3D11DynamicRHI
[2015.07.25-15.33.49:418][ 40]LogModuleManager: Shutting down and abandoning module CrashTracker (188)
[2015.07.25-15.33.49:418][ 40]LogModuleManager: Shutting down and abandoning module SceneOutliner (187)
[2015.07.25-15.33.49:418][ 40]LogModuleManager: Shutting down and abandoning module SuperSearch (186)
[2015.07.25-15.33.49:418][ 40]LogModuleManager: Shutting down and abandoning module WidgetCarousel (185)
[2015.07.25-15.33.49:418][ 40]LogModuleManager: Shutting down and abandoning module AddContentDialog (184)
[2015.07.25-15.33.49:418][ 40]LogModuleManager: Shutting down and abandoning module EditorWidgets (183)
[2015.07.25-15.33.49:418][ 40]LogModuleManager: Shutting down and abandoning module CollectionManager (182)
[2015.07.25-15.33.49:419][ 40]LogModuleManager: Shutting down and abandoning module StatsViewer (181)
[2015.07.25-15.33.49:419][ 40]LogModuleManager: Shutting down and abandoning module FoliageEdit (180)
[2015.07.25-15.33.49:419][ 40]LogModuleManager: Shutting down and abandoning module LandscapeEditor (179)
[2015.07.25-15.33.49:419][ 40]LogModuleManager: Shutting down and abandoning module ActorPickerMode (178)
[2015.07.25-15.33.49:419][ 40]LogModuleManager: Shutting down and abandoning module GeometryMode (177)
[2015.07.25-15.33.49:419][ 40]LogModuleManager: Shutting down and abandoning module TextureAlignMode (176)
[2015.07.25-15.33.49:419][ 40]LogModuleManager: Shutting down and abandoning module BspMode (175)
[2015.07.25-15.33.49:419][ 40]LogModuleManager: Shutting down and abandoning module PlacementMode (174)
[2015.07.25-15.33.49:419][ 40]LogModuleManager: Shutting down and abandoning module AutomationWorker (173)
[2015.07.25-15.33.49:419][ 40]LogModuleManager: Shutting down and abandoning module CharacterAI (172)
[2015.07.25-15.33.49:419][ 40]LogModuleManager: Shutting down and abandoning module SmartSnapping (171)
[2015.07.25-15.33.49:419][ 40]LogModuleManager: Shutting down and abandoning module ViewportSnapping (170)
[2015.07.25-15.33.49:419][ 40]LogModuleManager: Shutting down and abandoning module LogVisualizer (169)
[2015.07.25-15.33.49:419][ 40]LogModuleManager: Shutting down and abandoning module GameProjectGeneration (168)
[2015.07.25-15.33.49:419][ 40]LogModuleManager: Shutting down and abandoning module IntroTutorials (167)
[2015.07.25-15.33.49:419][ 40]LogModuleManager: Shutting down and abandoning module EditorLiveStreaming (166)
[2015.07.25-15.33.49:419][ 40]LogModuleManager: Shutting down and abandoning module IOSPlatformEditor (165)
[2015.07.25-15.33.49:419][ 40]LogModuleManager: Shutting down and abandoning module HTML5PlatformEditor (164)
[2015.07.25-15.33.49:419][ 40]LogModuleManager: Shutting down and abandoning module AndroidDeviceDetection (163)
[2015.07.25-15.33.50:098][ 40]LogModuleManager: Shutting down and abandoning module AndroidPlatformEditor (162)
[2015.07.25-15.33.50:098][ 40]LogModuleManager: Shutting down and abandoning module IOSRuntimeSettings (161)
[2015.07.25-15.33.50:098][ 40]LogModuleManager: Shutting down and abandoning module AndroidRuntimeSettings (160)
[2015.07.25-15.33.50:098][ 40]LogModuleManager: Shutting down and abandoning module MergeActors (159)
[2015.07.25-15.33.50:098][ 40]LogModuleManager: Shutting down and abandoning module SizeMap (158)
[2015.07.25-15.33.50:098][ 40]LogModuleManager: Shutting down and abandoning module TreeMap (157)
[2015.07.25-15.33.50:098][ 40]LogModuleManager: Shutting down and abandoning module ReferenceViewer (156)
[2015.07.25-15.33.50:098][ 40]LogModuleManager: Shutting down and abandoning module LocalizationDashboard (155)
[2015.07.25-15.33.50:098][ 40]LogModuleManager: Shutting down and abandoning module HardwareTargeting (154)
[2015.07.25-15.33.50:098][ 40]LogModuleManager: Shutting down and abandoning module DeviceProfileEditor (153)
[2015.07.25-15.33.50:098][ 40]LogModuleManager: Shutting down and abandoning module UndoHistory (152)
[2015.07.25-15.33.50:098][ 40]LogModuleManager: Shutting down and abandoning module GameplayTagsEditor (151)
[2015.07.25-15.33.50:098][ 40]LogModuleManager: Shutting down and abandoning module UserFeedback (150)
[2015.07.25-15.33.50:098][ 40]LogModuleManager: Shutting down and abandoning module XmlParser (149)
[2015.07.25-15.33.50:098][ 40]LogModuleManager: Shutting down and abandoning module Blutility (148)
[2015.07.25-15.33.50:098][ 40]LogModuleManager: Shutting down and abandoning module ProjectTargetPlatformEditor (147)
[2015.07.25-15.33.50:098][ 40]LogModuleManager: Shutting down and abandoning module ProjectSettingsViewer (146)
[2015.07.25-15.33.50:098][ 40]LogModuleManager: Shutting down and abandoning module InputBindingEditor (145)
[2015.07.25-15.33.50:098][ 40]LogModuleManager: Shutting down and abandoning module EditorSettingsViewer (144)
[2015.07.25-15.33.50:098][ 40]LogModuleManager: Shutting down and abandoning module SettingsEditor (143)
[2015.07.25-15.33.50:098][ 40]LogModuleManager: Shutting down and abandoning module ProjectLauncher (142)
[2015.07.25-15.33.50:098][ 40]LogModuleManager: Shutting down and abandoning module SessionFrontend (141)
[2015.07.25-15.33.50:098][ 40]LogModuleManager: Shutting down and abandoning module ProfilerClient (140)
[2015.07.25-15.33.50:098][ 40]LogModuleManager: Shutting down and abandoning module TargetDeviceServices (139)
[2015.07.25-15.33.50:098][ 40]LogModuleManager: Shutting down and abandoning module DeviceManager (138)
[2015.07.25-15.33.50:099][ 40]LogModuleManager: Shutting down and abandoning module AutomationController (137)
[2015.07.25-15.33.50:099][ 40]LogModuleManager: Shutting down and abandoning module AutomationWindow (136)
[2015.07.25-15.33.50:099][ 40]LogModuleManager: Shutting down and abandoning module Layers (135)
[2015.07.25-15.33.50:099][ 40]LogModuleManager: Shutting down and abandoning module ComponentVisualizers (134)
[2015.07.25-15.33.50:099][ 40]LogModuleManager: Shutting down and abandoning module DetailCustomizations (133)
[2015.07.25-15.33.50:099][ 40]LogModuleManager: Shutting down and abandoning module PackagesDialog (132)
[2015.07.25-15.33.50:099][ 40]LogModuleManager: Shutting down and abandoning module AssetRegistry (131)
[2015.07.25-15.33.50:161][ 40]LogModuleManager: Shutting down and abandoning module Persona (130)
[2015.07.25-15.33.50:161][ 40]LogModuleManager: Shutting down and abandoning module Kismet (129)
[2015.07.25-15.33.50:161][ 40]LogModuleManager: Shutting down and abandoning module GraphEditor (128)
[2015.07.25-15.33.50:161][ 40]LogModuleManager: Shutting down and abandoning module ClassViewer (127)
[2015.07.25-15.33.50:161][ 40]LogModuleManager: Shutting down and abandoning module Toolbox (126)
[2015.07.25-15.33.50:161][ 40]LogModuleManager: Shutting down and abandoning module ModuleUI (125)
[2015.07.25-15.33.50:161][ 40]LogModuleManager: Shutting down and abandoning module MovieSceneTools (124)
[2015.07.25-15.33.50:161][ 40]LogModuleManager: Shutting down and abandoning module OutputLog (123)
[2015.07.25-15.33.50:161][ 40]LogModuleManager: Shutting down and abandoning module GammaUI (122)
[2015.07.25-15.33.50:161][ 40]LogModuleManager: Shutting down and abandoning module Documentation (121)
[2015.07.25-15.33.50:162][ 40]LogModuleManager: Shutting down and abandoning module GameLiveStreaming (120)
[2015.07.25-15.33.50:162][ 40]LogModuleManager: Shutting down and abandoning module StreamingPauseRendering (119)
[2015.07.25-15.33.50:162][ 40]LogModuleManager: Shutting down and abandoning module AnalyticsET (118)
[2015.07.25-15.33.50:162][ 40]LogModuleManager: Shutting down and abandoning module Analytics (117)
[2015.07.25-15.33.50:162][ 40]LogModuleManager: Shutting down and abandoning module AITestSuite (116)
[2015.07.25-15.33.50:162][ 40]LogModuleManager: Shutting down and abandoning module GameplayDebugger (115)
[2015.07.25-15.33.50:162][ 40]LogModuleManager: Shutting down and abandoning module AIModule (114)
[2015.07.25-15.33.50:162][ 40]LogModuleManager: Shutting down and abandoning module ProfilerService (113)
[2015.07.25-15.33.50:186][ 40]LogModuleManager: Shutting down and abandoning module TaskGraph (112)
[2015.07.25-15.33.50:186][ 40]LogModuleManager: Shutting down and abandoning module SlateRemote (111)
[2015.07.25-15.33.50:186][ 40]LogModuleManager: Shutting down and abandoning module SteamVRController (110)
[2015.07.25-15.33.50:186][ 40]LogModuleManager: Shutting down and abandoning module SteamVR (109)
[2015.07.25-15.33.50:186][ 40]LogModuleManager: Shutting down and abandoning module ProceduralMeshComponent (108)
[2015.07.25-15.33.50:186][ 40]LogModuleManager: Shutting down and abandoning module OculusRift (107)
[2015.07.25-15.33.50:186][ 40]LogModuleManager: Shutting down and abandoning module LeapMotionController (106)
[2015.07.25-15.33.50:203][ 40]LogModuleManager: Shutting down and abandoning module CustomMeshComponent (105)
[2015.07.25-15.33.50:203][ 40]LogModuleManager: Shutting down and abandoning module CableComponent (104)
[2015.07.25-15.33.50:203][ 40]LogModuleManager: Shutting down and abandoning module MessagingDebugger (103)
[2015.07.25-15.33.50:203][ 40]LogModuleManager: Shutting down and abandoning module MediaPlayerEditor (102)
[2015.07.25-15.33.50:203][ 40]LogModuleManager: Shutting down and abandoning module SpeedTreeImporter (101)
[2015.07.25-15.33.50:203][ 40]LogModuleManager: Shutting down and abandoning module PluginBrowser (100)
[2015.07.25-15.33.50:203][ 40]LogModuleManager: Shutting down and abandoning module EpicSurvey (99)
[2015.07.25-15.33.50:203][ 40]LogModuleManager: Shutting down and abandoning module DesktopPlatform (98)
[2015.07.25-15.33.50:203][ 40]LogModuleManager: Shutting down and abandoning module VisualStudioSourceCodeAccess (97)
[2015.07.25-15.33.50:203][ 40]LogModuleManager: Shutting down and abandoning module UObjectPlugin (96)
[2015.07.25-15.33.50:203][ 40]LogModuleManager: Shutting down and abandoning module SubversionSourceControl (95)
[2015.07.25-15.33.50:203][ 40]LogModuleManager: Shutting down and abandoning module PerforceSourceControl (94)
[2015.07.25-15.33.50:203][ 40]LogModuleManager: Shutting down and abandoning module SourceControl (93)
[2015.07.25-15.33.50:203][ 40]LogModuleManager: Shutting down and abandoning module GitSourceControl (92)
[2015.07.25-15.33.50:203][ 40]LogModuleManager: Shutting down and abandoning module BlankPlugin (91)
[2015.07.25-15.33.50:203][ 40]LogModuleManager: Shutting down and abandoning module PaperTiledImporter (90)
[2015.07.25-15.33.50:203][ 40]LogModuleManager: Shutting down and abandoning module PaperSpriteSheetImporter (89)
[2015.07.25-15.33.50:203][ 40]LogModuleManager: Shutting down and abandoning module MeshPaint (88)
[2015.07.25-15.33.50:203][ 40]LogModuleManager: Shutting down and abandoning module SlateReflector (87)
[2015.07.25-15.33.50:203][ 40]LogModuleManager: Shutting down and abandoning module DirectoryWatcher (86)
[2015.07.25-15.33.50:204][ 40]LogModuleManager: Shutting down and abandoning module HotReload (85)
[2015.07.25-15.33.50:204][ 40]LogModuleManager: Shutting down and abandoning module MainFrame (84)
[2015.07.25-15.33.50:204][ 40]LogModuleManager: Shutting down and abandoning module LevelEditor (83)
[2015.07.25-15.33.50:205][ 40]LogModuleManager: Shutting down and abandoning module ContentBrowser (82)
[2015.07.25-15.33.50:205][ 40]LogModuleManager: Shutting down and abandoning module Paper2DEditor (81)
[2015.07.25-15.33.50:205][ 40]LogModuleManager: Shutting down and abandoning module UdpMessaging (80)
[2015.07.25-15.33.50:306][ 40]LogModuleManager: Shutting down and abandoning module Paper2D (79)
[2015.07.25-15.33.50:306][ 40]LogModuleManager: Shutting down and abandoning module WindowsMoviePlayer (78)
[2015.07.25-15.33.50:308][ 40]LogModuleManager: Shutting down and abandoning module Media (77)
[2015.07.25-15.33.50:308][ 40]LogModuleManager: Shutting down and abandoning module WmfMedia (76)
[2015.07.25-15.33.50:309][ 40]LogModuleManager: Shutting down and abandoning module OnlineBlueprintSupport (75)
[2015.07.25-15.33.50:309][ 40]LogModuleManager: Shutting down and abandoning module PropertyEditor (74)
[2015.07.25-15.33.50:309][ 40]LogModuleManager: Shutting down and abandoning module BehaviorTreeEditor (73)
[2015.07.25-15.33.50:309][ 40]LogModuleManager: Shutting down and abandoning module FunctionalTesting (72)
[2015.07.25-15.33.50:309][ 40]LogModuleManager: Shutting down and abandoning module CollisionAnalyzer (71)
[2015.07.25-15.33.50:309][ 40]LogModuleManager: Shutting down and abandoning module WorkspaceMenuStructure (70)
[2015.07.25-15.33.50:309][ 40]LogModuleManager: Shutting down and abandoning module MessageLog (69)
[2015.07.25-15.33.50:309][ 40]LogModuleManager: Shutting down and abandoning module Sequencer (68)
[2015.07.25-15.33.50:309][ 40]LogModuleManager: Shutting down and abandoning module AssetTools (67)
[2015.07.25-15.33.50:309][ 40]LogModuleManager: Shutting down and abandoning module UMGEditor (66)
[2015.07.25-15.33.50:309][ 40]LogModuleManager: Shutting down and abandoning module UMG (65)
[2015.07.25-15.33.50:309][ 40]LogModuleManager: Shutting down and abandoning module Slate (64)
[2015.07.25-15.33.50:309][ 40]LogModuleManager: Shutting down and abandoning module EditorStyle (63)
[2015.07.25-15.33.50:312][ 40]LogModuleManager: Shutting down and abandoning module SessionServices (62)
[2015.07.25-15.33.50:312][ 40]LogModuleManager: Shutting down and abandoning module SourceCodeAccess (61)
[2015.07.25-15.33.50:312][ 40]LogModuleManager: Shutting down and abandoning module HeadMountedDisplay (60)
[2015.07.25-15.33.50:312][ 40]LogModuleManager: Shutting down and abandoning module XAudio2 (59)
[2015.07.25-15.33.50:312][ 40]LogModuleManager: Shutting down and abandoning module Networking (57)
[2015.07.25-15.33.50:312][ 40]LogModuleManager: Shutting down and abandoning module Core (56)
[2015.07.25-15.33.50:312][ 40]LogModuleManager: Shutting down and abandoning module KismetCompiler (55)
[2015.07.25-15.33.50:312][ 40]LogModuleManager: Shutting down and abandoning module PhysXFormats (54)
[2015.07.25-15.33.50:312][ 40]LogModuleManager: Shutting down and abandoning module MeshUtilities (53)
[2015.07.25-15.33.50:312][ 40]LogModuleManager: Shutting down and abandoning module DerivedDataCache (52)
[2015.07.25-15.33.50:358][ 40]LogDerivedDataCache: Shutdown
[2015.07.25-15.33.50:358][ 40]LogModuleManager: Shutting down and abandoning module ShaderFormatOpenGL (51)
[2015.07.25-15.33.50:358][ 40]LogModuleManager: Shutting down and abandoning module ShaderFormatD3D (50)
[2015.07.25-15.33.50:358][ 40]LogModuleManager: Shutting down and abandoning module MetalShaderFormat (49)
[2015.07.25-15.33.50:358][ 40]LogModuleManager: Shutting down and abandoning module TextureFormatUncompressed (48)
[2015.07.25-15.33.50:358][ 40]LogModuleManager: Shutting down and abandoning module TextureFormatPVR (47)
[2015.07.25-15.33.50:358][ 40]LogModuleManager: Shutting down and abandoning module TextureFormatIntelISPCTexComp (46)
[2015.07.25-15.33.50:358][ 40]LogModuleManager: Shutting down and abandoning module TextureFormatDXT (45)
[2015.07.25-15.33.50:358][ 40]LogModuleManager: Shutting down and abandoning module ImageWrapper (44)
[2015.07.25-15.33.50:358][ 40]LogModuleManager: Shutting down and abandoning module TextureFormatASTC (43)
[2015.07.25-15.33.50:358][ 40]LogModuleManager: Shutting down and abandoning module TextureFormatAndroid (42)
[2015.07.25-15.33.50:358][ 40]LogModuleManager: Shutting down and abandoning module AudioFormatOpus (41)
[2015.07.25-15.33.50:358][ 40]LogModuleManager: Shutting down and abandoning module AudioFormatOgg (40)
[2015.07.25-15.33.50:358][ 40]LogModuleManager: Shutting down and abandoning module AudioFormatADPCM (39)
[2015.07.25-15.33.50:358][ 40]LogModuleManager: Shutting down and abandoning module LinuxTargetPlatform (38)
[2015.07.25-15.33.50:358][ 40]LogModuleManager: Shutting down and abandoning module LinuxServerTargetPlatform (37)
[2015.07.25-15.33.50:358][ 40]LogModuleManager: Shutting down and abandoning module LinuxNoEditorTargetPlatform (36)
[2015.07.25-15.33.50:358][ 40]LogModuleManager: Shutting down and abandoning module Messaging (35)
[2015.07.25-15.33.50:358][ 40]LogModuleManager: Shutting down and abandoning module IOSTargetPlatform (34)
[2015.07.25-15.33.50:358][ 40]LogModuleManager: Shutting down and abandoning module HTML5TargetPlatform (33)
[2015.07.25-15.33.50:358][ 40]LogModuleManager: Shutting down and abandoning module Android_PVRTCTargetPlatform (32)
[2015.07.25-15.33.50:358][ 40]LogModuleManager: Shutting down and abandoning module Android_ETC2TargetPlatform (31)
[2015.07.25-15.33.50:358][ 40]LogModuleManager: Shutting down and abandoning module Android_ETC1TargetPlatform (30)
[2015.07.25-15.33.50:358][ 40]LogModuleManager: Shutting down and abandoning module Android_DXTTargetPlatform (29)
[2015.07.25-15.33.50:358][ 40]LogModuleManager: Shutting down and abandoning module Android_ATCTargetPlatform (28)
[2015.07.25-15.33.50:358][ 40]LogModuleManager: Shutting down and abandoning module Android_ASTCTargetPlatform (27)
[2015.07.25-15.33.50:358][ 40]LogModuleManager: Shutting down and abandoning module AndroidTargetPlatform (26)
[2015.07.25-15.33.50:358][ 40]LogModuleManager: Shutting down and abandoning module WindowsTargetPlatform (25)
[2015.07.25-15.33.50:358][ 40]LogModuleManager: Shutting down and abandoning module WindowsServerTargetPlatform (24)
[2015.07.25-15.33.50:358][ 40]LogModuleManager: Shutting down and abandoning module WindowsNoEditorTargetPlatform (23)
[2015.07.25-15.33.50:358][ 40]LogModuleManager: Shutting down and abandoning module WindowsClientTargetPlatform (22)
[2015.07.25-15.33.50:358][ 40]LogModuleManager: Shutting down and abandoning module DesktopTargetPlatform (21)
[2015.07.25-15.33.50:358][ 40]LogModuleManager: Shutting down and abandoning module TargetPlatform (20)
[2015.07.25-15.33.50:358][ 40]LogModuleManager: Shutting down and abandoning module InputCore (19)
[2015.07.25-15.33.50:358][ 40]LogModuleManager: Shutting down and abandoning module Settings (18)
[2015.07.25-15.33.50:358][ 40]LogModuleManager: Shutting down and abandoning module OnlineSubsystem (16)
[2015.07.25-15.33.50:358][ 40]LogModuleManager: Shutting down and abandoning module HTTP (15)
[2015.07.25-15.33.50:359][ 40]LogModuleManager: Shutting down and abandoning module ExampleDeviceProfileSelector (14)
[2015.07.25-15.33.50:359][ 40]LogModuleManager: Shutting down and abandoning module TextureCompressor (13)
[2015.07.25-15.33.50:359][ 40]LogModuleManager: Shutting down and abandoning module ShaderCore (12)
[2015.07.25-15.33.50:359][ 40]LogModuleManager: Shutting down and abandoning module Landscape (11)
[2015.07.25-15.33.50:359][ 40]LogModuleManager: Shutting down and abandoning module SlateRHIRenderer (10)
[2015.07.25-15.33.50:359][ 40]LogModuleManager: Shutting down and abandoning module OpenGLDrv (9)
[2015.07.25-15.33.50:359][ 40]LogModuleManager: Shutting down and abandoning module D3D11RHI (8)
[2015.07.25-15.33.50:359][ 40]LogModuleManager: Shutting down and abandoning module Renderer (7)
[2015.07.25-15.33.50:360][ 40]LogModuleManager: Shutting down and abandoning module Engine (6)
[2015.07.25-15.33.50:360][ 40]LogModuleManager: Shutting down and abandoning module CoreUObject (5)
[2015.07.25-15.33.50:360][ 40]LogModuleManager: Shutting down and abandoning module NetworkFile (4)
[2015.07.25-15.33.50:360][ 40]LogModuleManager: Shutting down and abandoning module StreamingFile (3)
[2015.07.25-15.33.50:360][ 40]LogModuleManager: Shutting down and abandoning module SandboxFile (2)
[2015.07.25-15.33.50:360][ 40]LogModuleManager: Shutting down and abandoning module PakFile (1)
[2015.07.25-15.33.50:360][ 40]LogExit: Exiting.
[2015.07.25-15.33.50:361][ 40]Log file closed, 07/25/15 17:33:50
