[2015.07.25-15.33.50:964][  0]Log file open, 07/25/15 17:33:50
[2015.07.25-15.33.50:964][  0]LogInit:Display: Running engine for game: Try_1
[2015.07.25-15.33.50:964][  0]LogInit:Display: RandInit(1603154417) SRandInit(1603154417).
[2015.07.25-15.33.50:964][  0]LogTaskGraph: Started task graph with 4 named threads and 7 total threads.
[2015.07.25-15.33.50:964][  0]LogStats: Stats thread started
[2015.07.25-15.33.50:964][  0]LogInit: Version: 4.8.2-2614606+++depot+UE4-Releases+4.8
[2015.07.25-15.33.50:964][  0]LogInit: API Version: 2579680
[2015.07.25-15.33.50:964][  0]LogInit: Compiled (64-bit): Jul  8 2015 23:43:41
[2015.07.25-15.33.50:964][  0]LogInit: Compiled with Visual C++: 18.00.21005.01
[2015.07.25-15.33.50:964][  0]LogInit: Build Configuration: Development
[2015.07.25-15.33.50:964][  0]LogInit: Branch Name: ++depot+UE4-Releases+4.8
[2015.07.25-15.33.50:964][  0]LogInit: Command line: 
[2015.07.25-15.33.50:964][  0]LogInit: Base directory: D:/UNREAL/Epic Games/4.8/Engine/Binaries/Win64/
[2015.07.25-15.33.50:964][  0]LogInit: Rocket: 1
[2015.07.25-15.33.50:979][  0]LogInit: Using libcurl 7.41.0
[2015.07.25-15.33.50:979][  0]LogInit:  - built for x86_64-pc-win32
[2015.07.25-15.33.50:979][  0]LogInit:  - supports SSL with WinSSL
[2015.07.25-15.33.50:979][  0]LogInit:  - other features:
[2015.07.25-15.33.50:979][  0]LogInit:      CURL_VERSION_SSL
[2015.07.25-15.33.50:979][  0]LogInit:      CURL_VERSION_IPV6
[2015.07.25-15.33.50:979][  0]LogInit:      CURL_VERSION_ASYNCHDNS
[2015.07.25-15.33.50:979][  0]LogInit:      CURL_VERSION_LARGEFILE
[2015.07.25-15.33.50:979][  0]LogInit:      CURL_VERSION_IDN
[2015.07.25-15.33.50:979][  0]LogInit:  CurlRequestOptions (configurable via config and command line):
[2015.07.25-15.33.50:979][  0]LogInit:  - bVerifyPeer = true  - Libcurl will verify peer certificate
[2015.07.25-15.33.50:979][  0]LogInit:  - bUseHttpProxy = false  - Libcurl will NOT use HTTP proxy
[2015.07.25-15.33.50:979][  0]LogInit:  - bDontReuseConnections = false  - Libcurl will reuse connections
[2015.07.25-15.33.50:979][  0]LogInit:  - CertBundlePath = nullptr  - Libcurl will use whatever was configured at build time.
[2015.07.25-15.33.50:992][  0]LogOnline:Warning: No default platform service specified for OnlineSubsystem
[2015.07.25-15.33.51:018][  0]LogInit: Presizing for 0 objects not considered by GC, pre-allocating 0 bytes.
[2015.07.25-15.33.51:027][  0]LogInit: Object subsystem initialized
[2015.07.25-15.33.51:028][  0]LogConsoleResponse:Warning: Skipping Unknown console variable: 'TranslucentSortAxis = (X=0.000000,Y=-1.000000,Z=0.000000)'
[2015.07.25-15.33.51:028][  0]LogConsoleResponse:Warning:   Found in ini file 'D:/PROJECTS/UNREAL/Try_1/Saved/Config/Windows/Engine.ini', in section '[/Script/Engine.RendererSettings]'
[2015.07.25-15.33.51:028][  0]LogConsoleResponse:Warning: Skipping Unknown console variable: 'UIScaleRule = ShortestSide'
[2015.07.25-15.33.51:028][  0]LogConsoleResponse:Warning:   Found in ini file 'D:/PROJECTS/UNREAL/Try_1/Saved/Config/Windows/Engine.ini', in section '[/Script/Engine.RendererSettings]'
[2015.07.25-15.33.51:028][  0]LogConsoleResponse:Warning: Skipping Unknown console variable: 'UIScaleCurve = (EditorCurveData=(Keys=),ExternalCurve=None)'
[2015.07.25-15.33.51:028][  0]LogConsoleResponse:Warning:   Found in ini file 'D:/PROJECTS/UNREAL/Try_1/Saved/Config/Windows/Engine.ini', in section '[/Script/Engine.RendererSettings]'
[2015.07.25-15.33.51:028][  0]LogInit: Selected Device Profile: [Windows]
[2015.07.25-15.33.51:028][  0]LogInit: Applying CVar settings loaded from the selected device profile: [Windows]
[2015.07.25-15.33.51:038][  0]LogInit: Computer: SHADOW
[2015.07.25-15.33.51:039][  0]LogInit: User: hooky000
[2015.07.25-15.33.51:039][  0]LogInit: CPU Page size=4096, Cores=4
[2015.07.25-15.33.51:039][  0]LogInit: High frequency timer resolution =2.241003 MHz
[2015.07.25-15.33.51:039][  0]LogMemory: Memory total: Physical=15.9GB (16GB approx)
[2015.07.25-15.33.51:039][  0]LogMemory: Platform Memory Stats for Windows
[2015.07.25-15.33.51:039][  0]LogMemory: Process Physical Memory: 48.73 MB used, 48.73 MB peak
[2015.07.25-15.33.51:039][  0]LogMemory: Process Virtual Memory: 24.80 MB used, 24.80 MB peak
[2015.07.25-15.33.51:039][  0]LogMemory: Physical Memory: 5771.74 MB used, 16240.93 MB total
[2015.07.25-15.33.51:039][  0]LogMemory: Virtual Memory: 294.65 MB used, 134217728.00 MB total
[2015.07.25-15.33.51:147][  0]LogTextLocalizationManager: The requested culture ('pl_PL') has no localization data; falling back to 'en' for localization and internationalization data.
[2015.07.25-15.33.51:398][  0]LogTextLocalizationManager:Warning: Loaded localization resources contain conflicting entries for (Namespace:ContentBrowser, Key:ImportAssetToolTip):
Localization Resource: (D:/UNREAL/Epic Games/4.8/Engine/Content/Localization/Editor/en/Editor.locres) Source String Hash: (-630476809) Localized String: (Import to {0}...)
Localization Resource: (D:/UNREAL/Epic Games/4.8/Engine/Content/Localization/Editor/en/Editor.locres) Source String Hash: (1271782899) Localized String: (Imports an asset from file to this folder.)
[2015.07.25-15.33.51:952][  0]LogD3D11RHI: Found D3D11 adapter 0: NVIDIA GeForce GT 650M   (Feature Level 11_0)
[2015.07.25-15.33.51:952][  0]LogD3D11RHI: Adapter has 1986MB of dedicated video memory, 0MB of dedicated system memory, and 2048MB of shared system memory, 1 output[s]
[2015.07.25-15.33.51:970][  0]LogD3D11RHI: Found D3D11 adapter 1: NVIDIA GeForce GT 650M   (Feature Level 11_0)
[2015.07.25-15.33.51:970][  0]LogD3D11RHI: Adapter has 1986MB of dedicated video memory, 0MB of dedicated system memory, and 2048MB of shared system memory, 0 output[s]
[2015.07.25-15.33.51:977][  0]LogD3D11RHI: Found D3D11 adapter 2: Microsoft Basic Render Driver (Feature Level 11_0)
[2015.07.25-15.33.51:977][  0]LogD3D11RHI: Adapter has 1986MB of dedicated video memory, 0MB of dedicated system memory, and 2048MB of shared system memory, 0 output[s]
[2015.07.25-15.33.51:977][  0]LogD3D11RHI: Chosen D3D11 Adapter Id = 0
[2015.07.25-15.33.51:983][  0]LogD3D11RHI: InitD3DDevice
[2015.07.25-15.33.51:983][  0]LogD3D11RHI: !Direct3DDevice
[2015.07.25-15.33.51:983][  0]LogRHI: Texture pool is 1361 MB (70% of 1945 MB)
[2015.07.25-15.33.51:997][  0]LogD3D11RHI: Async texture creation enabled
[2015.07.25-15.33.52:016][  0]LogShaderCompilers:Display: Using Local Shader Compiler.
[2015.07.25-15.33.53:086][  0]LogTemp:Display: Loaded TP DesktopTargetPlatform
[2015.07.25-15.33.53:101][  0]LogTemp:Display: Loaded TP WindowsClientTargetPlatform
[2015.07.25-15.33.53:117][  0]LogTemp:Display: Loaded TP WindowsNoEditorTargetPlatform
[2015.07.25-15.33.53:133][  0]LogTemp:Display: Loaded TP WindowsServerTargetPlatform
[2015.07.25-15.33.53:151][  0]LogTemp:Display: Loaded TP WindowsTargetPlatform
[2015.07.25-15.33.53:165][  0]LogTemp:Display: Loaded TP AndroidTargetPlatform
[2015.07.25-15.33.53:180][  0]LogTemp:Display: Loaded TP Android_ASTCTargetPlatform
[2015.07.25-15.33.53:193][  0]LogTemp:Display: Loaded TP Android_ATCTargetPlatform
[2015.07.25-15.33.53:207][  0]LogTemp:Display: Loaded TP Android_DXTTargetPlatform
[2015.07.25-15.33.53:221][  0]LogTemp:Display: Loaded TP Android_ETC1TargetPlatform
[2015.07.25-15.33.53:237][  0]LogTemp:Display: Loaded TP Android_ETC2TargetPlatform
[2015.07.25-15.33.53:251][  0]LogTemp:Display: Loaded TP Android_PVRTCTargetPlatform
[2015.07.25-15.33.53:310][  0]LogTemp:Display: Loaded TP IOSTargetPlatform
[2015.07.25-15.33.53:324][  0]LogTemp:Display: Loaded TP LinuxNoEditorTargetPlatform
[2015.07.25-15.33.53:339][  0]LogTemp:Display: Loaded TP LinuxServerTargetPlatform
[2015.07.25-15.33.53:356][  0]LogTemp:Display: Loaded TP LinuxTargetPlatform
[2015.07.25-15.33.53:356][  0]LogTargetPlatformManager:Display: Building Assets For Windows
[2015.07.25-15.33.53:664][  0]LogDerivedDataCache:Display: Max Cache Size: 512 MB
[2015.07.25-15.33.53:714][  0]LogDerivedDataCache: Loaded boot cache 0.05s 53MB C:/Users/hooky_000/AppData/Local/UnrealEngine/4.8/DerivedDataCache/Boot.ddc.
[2015.07.25-15.33.53:714][  0]LogDerivedDataCache:Display: Loaded Boot cache: C:/Users/hooky_000/AppData/Local/UnrealEngine/4.8/DerivedDataCache/Boot.ddc
[2015.07.25-15.33.53:714][  0]LogDerivedDataCache: FDerivedDataBackendGraph:  Pak pak cache file ../../../../../../PROJECTS/UNREAL/Try_1/DerivedDataCache/DDC.ddp not found, will not use a pak cache.
[2015.07.25-15.33.53:714][  0]LogDerivedDataCache: Unable to find inner node Pak for hierarchical cache Hierarchy.
[2015.07.25-15.33.53:714][  0]LogDerivedDataCache: FDerivedDataBackendGraph:  CompressedPak pak cache file ../../../../../../PROJECTS/UNREAL/Try_1/DerivedDataCache/Compressed.ddp not found, will not use a pak cache.
[2015.07.25-15.33.53:714][  0]LogDerivedDataCache: Unable to find inner node CompressedPak for hierarchical cache Hierarchy.
[2015.07.25-15.33.53:882][  0]LogDerivedDataCache:Display: Pak cache opened for reading ../../../Engine/DerivedDataCache/Compressed.ddp.
[2015.07.25-15.33.53:895][  0]LogDerivedDataCache: Using Local data cache path C:/Users/hooky_000/AppData/Local/UnrealEngine/Common/DerivedDataCache: Writable
[2015.07.25-15.33.54:890][  0]LogInit: Selected Device Profile: [Windows]
[2015.07.25-15.33.54:983][  0]ImportText (ComponentSweepMultiTests): Missing closing parenthesis: (RootShapeAsset="/Engine/BasicShapes/Cube.Cube",ShapeType="TriggerCapsule",HitResult=(Time=0.50,Location=(X=-100.000015,Y=0.0,Z=100.000015),ImpactPoint=(X=-50.0,Y=0.0,Z=50.0),Normal=(X=-1.0,Y=-0.0,Z=0.0),ImpactNormal=(X=0.0,Y=0.0,Z=1.0),TraceStart=(X=-200.0,Y=0.0,Z=200.0),TraceEnd=(X=0.0,Y=0.0,Z=0.0))
[2015.07.25-15.33.54:983][  0]ImportText (LineTraceSingleByChannelTests): Missing closing parenthesis: (RootShapeAsset="/Engine/BasicShapes/Cube.Cube",HitResult=(Time=0.50,Location=(X=-100.000015,Y=0.0,Z=100.000015),ImpactPoint=(X=-50.0,Y=0.0,Z=50.0),Normal=(X=-1.0,Y=-0.0,Z=0.0),ImpactNormal=(X=0.0,Y=0.0,Z=1.0),TraceStart=(X=-200.0,Y=0.0,Z=200.0),TraceEnd=(X=0.0,Y=0.0,Z=0.0))
[2015.07.25-15.33.55:016][  0]LogMeshUtilities: No automatic mesh reduction module available
[2015.07.25-15.33.55:016][  0]LogMeshUtilities: No automatic mesh merging module available
[2015.07.25-15.33.55:372][  0]LogInit: WinSock: version 1.1 (2.2), MaxSocks=32767, MaxUdp=65467
[2015.07.25-15.33.56:946][  0]UdpMessaging: Initializing bridge on interface 0.0.0.0:0 to multicast group 230.0.0.1:6666.
[2015.07.25-15.33.57:619][  0]LogObj: 26273 objects as part of root set at end of initial load.
[2015.07.25-15.33.57:619][  0]LogUObjectAllocator: 5409248 out of 0 bytes used by permanent object pool.
[2015.07.25-15.33.57:697][  0]LogEngine: Initializing Engine...
[2015.07.25-15.33.57:700][  0]LogHMD: Can't find Oculus library dev build: is proper Runtime installed? Version: 0.6.0.0
[2015.07.25-15.33.57:712][  0]LogHMD:Warning: SteamVR failed to initialize.  Error: 110
[2015.07.25-15.33.57:894][  0]LogAIModule: Creating AISystem for world NewWorld
[2015.07.25-15.33.57:904][  0]LogInit: XAudio2 using 'Głośniki / Słuchawki (IDT High Definition Audio CODEC)' : 2 channels at 48 kHz using 16 bits per sample (channel mask 0x3)
[2015.07.25-15.33.58:009][  0]LogInit: FAudioDevice initialized.
[2015.07.25-15.33.58:048][  0]LogDerivedDataCache: Saved boot cache 0.04s 53MB C:/Users/hooky_000/AppData/Local/UnrealEngine/4.8/DerivedDataCache/Boot.ddc.
[2015.07.25-15.33.58:051][  0]LogInit: Texture streaming: Disabled
[2015.07.25-15.33.58:077][  0]LogAnalytics: Creating configured Analytics provider AnalyticsET
[2015.07.25-15.33.58:077][  0]LogAnalytics: [UEEditor.Rocket.Release] APIServer = http://et2.epicgames.com/ET2/. AppVersion = 4.8.2-2614606+++depot+UE4-Releases+4.8
[2015.07.25-15.33.58:077][  0]LogAnalytics: [UEEditor.Rocket.Release] SetUserId 0ed3af18429ee1eeeefd91a1be868d0d|e010a70c7c7f4f2888452a4b50eeb526|13e4c4d9-078d-4e2f-b402-a8e53b84c967
[2015.07.25-15.33.58:077][  0]LogAnalytics: [UEEditor.Rocket.Release] AnalyticsET::StartSession
[2015.07.25-15.33.58:113][  0]LogInit: Transaction tracking system initialized
[2015.07.25-15.33.58:191][  0]SourceControl: Info Source control is disabled
[2015.07.25-15.33.58:271][  0]BlueprintLog: New page: Editor Load
[2015.07.25-15.33.58:307][  0]LogAssetRegistry: FAssetRegistry took 0.0106 seconds to start up
[2015.07.25-15.33.58:307][  0]LogDirectoryWatcher:Warning: Failed to begin reading directory changes for ../../../Engine/Plugins/Experimental/CharacterAI/Content/. Error: 0
[2015.07.25-15.33.59:142][  0]LogConsoleManager:Warning: Console variable 'r.VSync' wasn't set ('GameSetting' has a lower priority than 'SystemSettingsIni')
[2015.07.25-15.33.59:142][  0]LogConsoleResponse:Display: 
[2015.07.25-15.33.59:274][  0]LogCook:Display: Done creating registry. It took  0.00s.
[2015.07.25-15.34.00:521][  0]SourceControl: Info Source control is disabled
[2015.07.25-15.34.00:521][  0]Cmd: MAP LOAD FILE="../../../../../../PROJECTS/UNREAL/Try_1/Content/ThirdPersonBP/Maps/ThirdPersonExampleMap.umap" TEMPLATE=0 SHOWPROGRESS=1 FEATURELEVEL=3
[2015.07.25-15.34.00:522][  0]LightingResults: New page: Lighting Build
[2015.07.25-15.34.00:535][  0]MapCheck: New page: Map Check
[2015.07.25-15.34.00:535][  0]LightingResults: New page: Lighting Build
[2015.07.25-15.34.00:546][  0]LogParticles: Destroying 0 GPU particle simulations for FXSystem 0x000000971D02D4E0
[2015.07.25-15.34.02:350][  0]LogAIModule: Creating AISystem for world ThirdPersonExampleMap
[2015.07.25-15.34.02:362][  0]LogEditorServer: Finished looking for orphan Actors (0.000 secs)
[2015.07.25-15.34.03:120][  0]Cmd: MAP CHECKDEP NOCLEARLOG
[2015.07.25-15.34.03:240][  0]MapCheck: Info Map check complete: 0 Error(s), 0 Warning(s), took 119.651ms to complete.
[2015.07.25-15.34.03:240][  0]LogFileHelpers: Loading map 'ThirdPersonExampleMap' took 2.720
[2015.07.25-15.34.03:366][  0]LogCollectionManager: Loaded 0 collections in 0.001422 seconds
[2015.07.25-15.34.03:374][  0]LogContentBrowser: Native class hierarchy populated in 0.0079 seconds. Added 1793 classes and 305 folders.
[2015.07.25-15.34.03:420][  0]LogContentBrowser: Native class hierarchy updated for 'WidgetCarousel' in 0.0005 seconds. Added 0 classes and 0 folders.
[2015.07.25-15.34.03:459][  0]LogContentBrowser: Native class hierarchy updated for 'AddContentDialog' in 0.0005 seconds. Added 0 classes and 0 folders.
[2015.07.25-15.34.03:476][  0]LogContentBrowser: Native class hierarchy updated for 'SceneOutliner' in 0.0005 seconds. Added 1 classes and 2 folders.
[2015.07.25-15.34.03:513][  0]LogCrashTracker: Crashtracker disabled due to settings.
[2015.07.25-15.34.03:516][  0]LogWindowsTextInputMethodSystem:Display: IME system now deactivated.
[2015.07.25-15.34.03:517][  0]LogD3D11RHI: InitD3DDevice
[2015.07.25-15.34.03:518][  0]LogDirectoryWatcher:Warning: Failed to begin reading directory changes for ../../../../../../PROJECTS/UNREAL/Try_1/Plugins/. Error: 0
[2015.07.25-15.34.03:519][  0]LogD3D11RHI: InitD3DDevice
[2015.07.25-15.34.03:525][  0]LogUObjectGlobals:Warning: Failed to find object 'Class None.'
[2015.07.25-15.34.03:548][  0]LogLoad: Full Startup: 14.51 seconds (BP compile: 0.65 seconds)
[2015.07.25-15.34.03:634][  0]LogContentStreaming: Texture pool size is 0.000000MB
[2015.07.25-15.34.03:696][  0]LogContentStreaming: Texture pool size now 1000 MB
[2015.07.25-15.34.03:826][  0]LogRenderer: Reallocating scene render targets to support 960x488 (Frame:2).
[2015.07.25-15.34.04:500][  9]LogAssetRegistry: Asset discovery search completed in 6.2039 seconds
[2015.07.25-15.34.12:927][376]LogD3D11RHI: InitD3DDevice
[2015.07.25-15.34.13:783][412]LogD3D11RHI: InitD3DDevice
[2015.07.25-15.34.14:814][473]LogD3D11RHI: InitD3DDevice
[2015.07.25-15.34.15:913][522]LogD3D11RHI: InitD3DDevice
[2015.07.25-15.34.21:177][779]LogD3D11RHI: InitD3DDevice
[2015.07.25-15.34.21:388][791]LogD3D11RHI: InitD3DDevice
[2015.07.25-15.34.23:208][899]LogD3D11RHI: InitD3DDevice
[2015.07.25-15.34.23:209][899]LogDirectoryWatcher:Warning: Failed to begin reading directory changes for ../../../../../../PROJECTS/UNREAL/Try_1/Plugins/. Error: 0
[2015.07.25-15.34.26:283][ 32]LogD3D11RHI: InitD3DDevice
[2015.07.25-15.34.29:133][103]Cmd: CLOSE_SLATE_MAINFRAME
[2015.07.25-15.34.29:308][103]LogWindowsTextInputMethodSystem:Display: IME system now deactivated.
[2015.07.25-15.34.29:564][104]Cmd: QUIT_EDITOR
[2015.07.25-15.34.29:813][104]LogExit: Preparing to exit.
[2015.07.25-15.34.30:105][104]LogExit: Editor shut down
[2015.07.25-15.34.30:106][104]LogExit: Transaction tracking system shut down
[2015.07.25-15.34.30:107][104]LogParticles: Destroying 0 GPU particle simulations for FXSystem 0x00000097130A6C00
[2015.07.25-15.34.30:107][104]LogParticles: Destroying 0 GPU particle simulations for FXSystem 0x000000972F93B9C0
[2015.07.25-15.34.30:107][104]LogParticles: Destroying 0 GPU particle simulations for FXSystem 0x00000097169B7D80
[2015.07.25-15.34.30:107][104]LogParticles: Destroying 0 GPU particle simulations for FXSystem 0x00000097169B7BA0
[2015.07.25-15.34.30:259][104]LogExit: Object subsystem successfully closed.
[2015.07.25-15.34.30:266][104]LogD3D11RHI: Shutdown
[2015.07.25-15.34.30:266][104]LogD3D11RHI: CleanupD3DDevice
[2015.07.25-15.34.30:314][104]LogD3D11RHI: ~FD3D11DynamicRHI
[2015.07.25-15.34.30:334][104]LogModuleManager: Shutting down and abandoning module CrashTracker (186)
[2015.07.25-15.34.30:334][104]LogModuleManager: Shutting down and abandoning module SceneOutliner (185)
[2015.07.25-15.34.30:334][104]LogModuleManager: Shutting down and abandoning module SuperSearch (184)
[2015.07.25-15.34.30:334][104]LogModuleManager: Shutting down and abandoning module WidgetCarousel (183)
[2015.07.25-15.34.30:334][104]LogModuleManager: Shutting down and abandoning module AddContentDialog (182)
[2015.07.25-15.34.30:334][104]LogModuleManager: Shutting down and abandoning module EditorWidgets (181)
[2015.07.25-15.34.30:334][104]LogModuleManager: Shutting down and abandoning module CollectionManager (180)
[2015.07.25-15.34.30:335][104]LogModuleManager: Shutting down and abandoning module StatsViewer (179)
[2015.07.25-15.34.30:335][104]LogModuleManager: Shutting down and abandoning module FoliageEdit (178)
[2015.07.25-15.34.30:335][104]LogModuleManager: Shutting down and abandoning module LandscapeEditor (177)
[2015.07.25-15.34.30:335][104]LogModuleManager: Shutting down and abandoning module ActorPickerMode (176)
[2015.07.25-15.34.30:335][104]LogModuleManager: Shutting down and abandoning module GeometryMode (175)
[2015.07.25-15.34.30:335][104]LogModuleManager: Shutting down and abandoning module TextureAlignMode (174)
[2015.07.25-15.34.30:335][104]LogModuleManager: Shutting down and abandoning module BspMode (173)
[2015.07.25-15.34.30:335][104]LogModuleManager: Shutting down and abandoning module PlacementMode (172)
[2015.07.25-15.34.30:335][104]LogModuleManager: Shutting down and abandoning module AutomationWorker (171)
[2015.07.25-15.34.30:335][104]LogModuleManager: Shutting down and abandoning module CharacterAI (170)
[2015.07.25-15.34.30:335][104]LogModuleManager: Shutting down and abandoning module PluginCreator (169)
[2015.07.25-15.34.30:335][104]LogModuleManager: Shutting down and abandoning module SmartSnapping (168)
[2015.07.25-15.34.30:335][104]LogModuleManager: Shutting down and abandoning module ViewportSnapping (167)
[2015.07.25-15.34.30:335][104]LogModuleManager: Shutting down and abandoning module LogVisualizer (166)
[2015.07.25-15.34.30:335][104]LogModuleManager: Shutting down and abandoning module GameProjectGeneration (165)
[2015.07.25-15.34.30:335][104]LogModuleManager: Shutting down and abandoning module IntroTutorials (164)
[2015.07.25-15.34.30:335][104]LogModuleManager: Shutting down and abandoning module EditorLiveStreaming (163)
[2015.07.25-15.34.30:335][104]LogModuleManager: Shutting down and abandoning module IOSPlatformEditor (162)
[2015.07.25-15.34.30:335][104]LogModuleManager: Shutting down and abandoning module HTML5PlatformEditor (161)
[2015.07.25-15.34.30:335][104]LogModuleManager: Shutting down and abandoning module AndroidDeviceDetection (160)
[2015.07.25-15.34.30:852][104]LogModuleManager: Shutting down and abandoning module AndroidPlatformEditor (159)
[2015.07.25-15.34.30:852][104]LogModuleManager: Shutting down and abandoning module IOSRuntimeSettings (158)
[2015.07.25-15.34.30:852][104]LogModuleManager: Shutting down and abandoning module AndroidRuntimeSettings (157)
[2015.07.25-15.34.30:852][104]LogModuleManager: Shutting down and abandoning module MergeActors (156)
[2015.07.25-15.34.30:852][104]LogModuleManager: Shutting down and abandoning module SizeMap (155)
[2015.07.25-15.34.30:852][104]LogModuleManager: Shutting down and abandoning module TreeMap (154)
[2015.07.25-15.34.30:852][104]LogModuleManager: Shutting down and abandoning module ReferenceViewer (153)
[2015.07.25-15.34.30:852][104]LogModuleManager: Shutting down and abandoning module LocalizationDashboard (152)
[2015.07.25-15.34.30:852][104]LogModuleManager: Shutting down and abandoning module HardwareTargeting (151)
[2015.07.25-15.34.30:852][104]LogModuleManager: Shutting down and abandoning module DeviceProfileEditor (150)
[2015.07.25-15.34.30:852][104]LogModuleManager: Shutting down and abandoning module UndoHistory (149)
[2015.07.25-15.34.30:852][104]LogModuleManager: Shutting down and abandoning module GameplayTagsEditor (148)
[2015.07.25-15.34.30:852][104]LogModuleManager: Shutting down and abandoning module UserFeedback (147)
[2015.07.25-15.34.30:852][104]LogModuleManager: Shutting down and abandoning module XmlParser (146)
[2015.07.25-15.34.30:852][104]LogModuleManager: Shutting down and abandoning module Blutility (145)
[2015.07.25-15.34.30:852][104]LogModuleManager: Shutting down and abandoning module ProjectTargetPlatformEditor (144)
[2015.07.25-15.34.30:852][104]LogModuleManager: Shutting down and abandoning module ProjectSettingsViewer (143)
[2015.07.25-15.34.30:852][104]LogModuleManager: Shutting down and abandoning module InputBindingEditor (142)
[2015.07.25-15.34.30:852][104]LogModuleManager: Shutting down and abandoning module EditorSettingsViewer (141)
[2015.07.25-15.34.30:852][104]LogModuleManager: Shutting down and abandoning module SettingsEditor (140)
[2015.07.25-15.34.30:852][104]LogModuleManager: Shutting down and abandoning module ProjectLauncher (139)
[2015.07.25-15.34.30:852][104]LogModuleManager: Shutting down and abandoning module SessionFrontend (138)
[2015.07.25-15.34.30:852][104]LogModuleManager: Shutting down and abandoning module ProfilerClient (137)
[2015.07.25-15.34.30:852][104]LogModuleManager: Shutting down and abandoning module TargetDeviceServices (136)
[2015.07.25-15.34.30:852][104]LogModuleManager: Shutting down and abandoning module DeviceManager (135)
[2015.07.25-15.34.30:853][104]LogModuleManager: Shutting down and abandoning module AutomationController (134)
[2015.07.25-15.34.30:853][104]LogModuleManager: Shutting down and abandoning module AutomationWindow (133)
[2015.07.25-15.34.30:853][104]LogModuleManager: Shutting down and abandoning module Layers (132)
[2015.07.25-15.34.30:853][104]LogModuleManager: Shutting down and abandoning module ComponentVisualizers (131)
[2015.07.25-15.34.30:853][104]LogModuleManager: Shutting down and abandoning module DetailCustomizations (130)
[2015.07.25-15.34.30:853][104]LogModuleManager: Shutting down and abandoning module PackagesDialog (129)
[2015.07.25-15.34.30:853][104]LogModuleManager: Shutting down and abandoning module AssetRegistry (128)
[2015.07.25-15.34.30:959][104]LogModuleManager: Shutting down and abandoning module Persona (127)
[2015.07.25-15.34.30:959][104]LogModuleManager: Shutting down and abandoning module Kismet (126)
[2015.07.25-15.34.30:959][104]LogModuleManager: Shutting down and abandoning module GraphEditor (125)
[2015.07.25-15.34.30:959][104]LogModuleManager: Shutting down and abandoning module ClassViewer (124)
[2015.07.25-15.34.30:959][104]LogModuleManager: Shutting down and abandoning module Toolbox (123)
[2015.07.25-15.34.30:959][104]LogModuleManager: Shutting down and abandoning module ModuleUI (122)
[2015.07.25-15.34.30:959][104]LogModuleManager: Shutting down and abandoning module MovieSceneTools (121)
[2015.07.25-15.34.30:959][104]LogModuleManager: Shutting down and abandoning module SourceControl (120)
[2015.07.25-15.34.30:959][104]LogModuleManager: Shutting down and abandoning module OutputLog (119)
[2015.07.25-15.34.30:959][104]LogModuleManager: Shutting down and abandoning module GammaUI (118)
[2015.07.25-15.34.30:959][104]LogModuleManager: Shutting down and abandoning module Documentation (117)
[2015.07.25-15.34.30:959][104]LogModuleManager: Shutting down and abandoning module GameLiveStreaming (116)
[2015.07.25-15.34.30:959][104]LogModuleManager: Shutting down and abandoning module StreamingPauseRendering (115)
[2015.07.25-15.34.30:959][104]LogModuleManager: Shutting down and abandoning module AnalyticsET (114)
[2015.07.25-15.34.30:959][104]LogModuleManager: Shutting down and abandoning module Analytics (113)
[2015.07.25-15.34.30:959][104]LogModuleManager: Shutting down and abandoning module AITestSuite (112)
[2015.07.25-15.34.30:959][104]LogModuleManager: Shutting down and abandoning module GameplayDebugger (111)
[2015.07.25-15.34.30:959][104]LogModuleManager: Shutting down and abandoning module AIModule (110)
[2015.07.25-15.34.30:959][104]LogModuleManager: Shutting down and abandoning module ProfilerService (109)
[2015.07.25-15.34.31:199][104]LogModuleManager: Shutting down and abandoning module TaskGraph (108)
[2015.07.25-15.34.31:199][104]LogModuleManager: Shutting down and abandoning module SlateRemote (107)
[2015.07.25-15.34.31:199][104]LogModuleManager: Shutting down and abandoning module SteamVRController (106)
[2015.07.25-15.34.31:199][104]LogModuleManager: Shutting down and abandoning module SteamVR (105)
[2015.07.25-15.34.31:199][104]LogModuleManager: Shutting down and abandoning module ProceduralMeshComponent (104)
[2015.07.25-15.34.31:199][104]LogModuleManager: Shutting down and abandoning module OculusRift (103)
[2015.07.25-15.34.31:199][104]LogModuleManager: Shutting down and abandoning module LeapMotionController (102)
[2015.07.25-15.34.31:214][104]LogModuleManager: Shutting down and abandoning module CustomMeshComponent (101)
[2015.07.25-15.34.31:214][104]LogModuleManager: Shutting down and abandoning module CableComponent (100)
[2015.07.25-15.34.31:214][104]LogModuleManager: Shutting down and abandoning module MessagingDebugger (99)
[2015.07.25-15.34.31:215][104]LogModuleManager: Shutting down and abandoning module MediaPlayerEditor (98)
[2015.07.25-15.34.31:215][104]LogModuleManager: Shutting down and abandoning module SpeedTreeImporter (97)
[2015.07.25-15.34.31:215][104]LogModuleManager: Shutting down and abandoning module PluginBrowser (96)
[2015.07.25-15.34.31:215][104]LogModuleManager: Shutting down and abandoning module EpicSurvey (95)
[2015.07.25-15.34.31:215][104]LogModuleManager: Shutting down and abandoning module DesktopPlatform (94)
[2015.07.25-15.34.31:215][104]LogModuleManager: Shutting down and abandoning module VisualStudioSourceCodeAccess (93)
[2015.07.25-15.34.31:215][104]LogModuleManager: Shutting down and abandoning module UObjectPlugin (92)
[2015.07.25-15.34.31:215][104]LogModuleManager: Shutting down and abandoning module BlankPlugin (91)
[2015.07.25-15.34.31:215][104]LogModuleManager: Shutting down and abandoning module PaperTiledImporter (90)
[2015.07.25-15.34.31:215][104]LogModuleManager: Shutting down and abandoning module PaperSpriteSheetImporter (89)
[2015.07.25-15.34.31:215][104]LogModuleManager: Shutting down and abandoning module MeshPaint (88)
[2015.07.25-15.34.31:215][104]LogModuleManager: Shutting down and abandoning module SlateReflector (87)
[2015.07.25-15.34.31:215][104]LogModuleManager: Shutting down and abandoning module DirectoryWatcher (86)
[2015.07.25-15.34.31:215][104]LogModuleManager: Shutting down and abandoning module HotReload (85)
[2015.07.25-15.34.31:215][104]LogModuleManager: Shutting down and abandoning module MainFrame (84)
[2015.07.25-15.34.31:215][104]LogModuleManager: Shutting down and abandoning module LevelEditor (83)
[2015.07.25-15.34.31:216][104]LogModuleManager: Shutting down and abandoning module ContentBrowser (82)
[2015.07.25-15.34.31:217][104]LogModuleManager: Shutting down and abandoning module Paper2DEditor (81)
[2015.07.25-15.34.31:217][104]LogModuleManager: Shutting down and abandoning module UdpMessaging (80)
[2015.07.25-15.34.31:317][104]LogModuleManager: Shutting down and abandoning module Paper2D (79)
[2015.07.25-15.34.31:317][104]LogModuleManager: Shutting down and abandoning module WindowsMoviePlayer (78)
[2015.07.25-15.34.31:320][104]LogModuleManager: Shutting down and abandoning module Media (77)
[2015.07.25-15.34.31:320][104]LogModuleManager: Shutting down and abandoning module WmfMedia (76)
[2015.07.25-15.34.31:320][104]LogModuleManager: Shutting down and abandoning module OnlineBlueprintSupport (75)
[2015.07.25-15.34.31:320][104]LogModuleManager: Shutting down and abandoning module PropertyEditor (74)
[2015.07.25-15.34.31:320][104]LogModuleManager: Shutting down and abandoning module BehaviorTreeEditor (73)
[2015.07.25-15.34.31:320][104]LogModuleManager: Shutting down and abandoning module FunctionalTesting (72)
[2015.07.25-15.34.31:320][104]LogModuleManager: Shutting down and abandoning module CollisionAnalyzer (71)
[2015.07.25-15.34.31:320][104]LogModuleManager: Shutting down and abandoning module WorkspaceMenuStructure (70)
[2015.07.25-15.34.31:320][104]LogModuleManager: Shutting down and abandoning module MessageLog (69)
[2015.07.25-15.34.31:320][104]LogModuleManager: Shutting down and abandoning module Sequencer (68)
[2015.07.25-15.34.31:320][104]LogModuleManager: Shutting down and abandoning module AssetTools (67)
[2015.07.25-15.34.31:320][104]LogModuleManager: Shutting down and abandoning module UMGEditor (66)
[2015.07.25-15.34.31:320][104]LogModuleManager: Shutting down and abandoning module UMG (65)
[2015.07.25-15.34.31:320][104]LogModuleManager: Shutting down and abandoning module Slate (64)
[2015.07.25-15.34.31:320][104]LogModuleManager: Shutting down and abandoning module EditorStyle (63)
[2015.07.25-15.34.31:324][104]LogModuleManager: Shutting down and abandoning module SessionServices (62)
[2015.07.25-15.34.31:324][104]LogModuleManager: Shutting down and abandoning module SourceCodeAccess (61)
[2015.07.25-15.34.31:324][104]LogModuleManager: Shutting down and abandoning module HeadMountedDisplay (60)
[2015.07.25-15.34.31:324][104]LogModuleManager: Shutting down and abandoning module XAudio2 (59)
[2015.07.25-15.34.31:324][104]LogModuleManager: Shutting down and abandoning module Networking (57)
[2015.07.25-15.34.31:324][104]LogModuleManager: Shutting down and abandoning module Core (56)
[2015.07.25-15.34.31:324][104]LogModuleManager: Shutting down and abandoning module KismetCompiler (55)
[2015.07.25-15.34.31:324][104]LogModuleManager: Shutting down and abandoning module PhysXFormats (54)
[2015.07.25-15.34.31:324][104]LogModuleManager: Shutting down and abandoning module MeshUtilities (53)
[2015.07.25-15.34.31:324][104]LogModuleManager: Shutting down and abandoning module DerivedDataCache (52)
[2015.07.25-15.34.31:423][104]LogDerivedDataCache: Shutdown
[2015.07.25-15.34.31:423][104]LogModuleManager: Shutting down and abandoning module ShaderFormatOpenGL (51)
[2015.07.25-15.34.31:423][104]LogModuleManager: Shutting down and abandoning module ShaderFormatD3D (50)
[2015.07.25-15.34.31:423][104]LogModuleManager: Shutting down and abandoning module MetalShaderFormat (49)
[2015.07.25-15.34.31:423][104]LogModuleManager: Shutting down and abandoning module TextureFormatUncompressed (48)
[2015.07.25-15.34.31:423][104]LogModuleManager: Shutting down and abandoning module TextureFormatPVR (47)
[2015.07.25-15.34.31:423][104]LogModuleManager: Shutting down and abandoning module TextureFormatIntelISPCTexComp (46)
[2015.07.25-15.34.31:423][104]LogModuleManager: Shutting down and abandoning module TextureFormatDXT (45)
[2015.07.25-15.34.31:423][104]LogModuleManager: Shutting down and abandoning module ImageWrapper (44)
[2015.07.25-15.34.31:423][104]LogModuleManager: Shutting down and abandoning module TextureFormatASTC (43)
[2015.07.25-15.34.31:423][104]LogModuleManager: Shutting down and abandoning module TextureFormatAndroid (42)
[2015.07.25-15.34.31:423][104]LogModuleManager: Shutting down and abandoning module AudioFormatOpus (41)
[2015.07.25-15.34.31:423][104]LogModuleManager: Shutting down and abandoning module AudioFormatOgg (40)
[2015.07.25-15.34.31:423][104]LogModuleManager: Shutting down and abandoning module AudioFormatADPCM (39)
[2015.07.25-15.34.31:423][104]LogModuleManager: Shutting down and abandoning module LinuxTargetPlatform (38)
[2015.07.25-15.34.31:423][104]LogModuleManager: Shutting down and abandoning module LinuxServerTargetPlatform (37)
[2015.07.25-15.34.31:423][104]LogModuleManager: Shutting down and abandoning module LinuxNoEditorTargetPlatform (36)
[2015.07.25-15.34.31:423][104]LogModuleManager: Shutting down and abandoning module Messaging (35)
[2015.07.25-15.34.31:423][104]LogModuleManager: Shutting down and abandoning module IOSTargetPlatform (34)
[2015.07.25-15.34.31:423][104]LogModuleManager: Shutting down and abandoning module HTML5TargetPlatform (33)
[2015.07.25-15.34.31:423][104]LogModuleManager: Shutting down and abandoning module Android_PVRTCTargetPlatform (32)
[2015.07.25-15.34.31:423][104]LogModuleManager: Shutting down and abandoning module Android_ETC2TargetPlatform (31)
[2015.07.25-15.34.31:423][104]LogModuleManager: Shutting down and abandoning module Android_ETC1TargetPlatform (30)
[2015.07.25-15.34.31:423][104]LogModuleManager: Shutting down and abandoning module Android_DXTTargetPlatform (29)
[2015.07.25-15.34.31:423][104]LogModuleManager: Shutting down and abandoning module Android_ATCTargetPlatform (28)
[2015.07.25-15.34.31:423][104]LogModuleManager: Shutting down and abandoning module Android_ASTCTargetPlatform (27)
[2015.07.25-15.34.31:423][104]LogModuleManager: Shutting down and abandoning module AndroidTargetPlatform (26)
[2015.07.25-15.34.31:423][104]LogModuleManager: Shutting down and abandoning module WindowsTargetPlatform (25)
[2015.07.25-15.34.31:423][104]LogModuleManager: Shutting down and abandoning module WindowsServerTargetPlatform (24)
[2015.07.25-15.34.31:423][104]LogModuleManager: Shutting down and abandoning module WindowsNoEditorTargetPlatform (23)
[2015.07.25-15.34.31:423][104]LogModuleManager: Shutting down and abandoning module WindowsClientTargetPlatform (22)
[2015.07.25-15.34.31:423][104]LogModuleManager: Shutting down and abandoning module DesktopTargetPlatform (21)
[2015.07.25-15.34.31:423][104]LogModuleManager: Shutting down and abandoning module TargetPlatform (20)
[2015.07.25-15.34.31:423][104]LogModuleManager: Shutting down and abandoning module InputCore (19)
[2015.07.25-15.34.31:423][104]LogModuleManager: Shutting down and abandoning module Settings (18)
[2015.07.25-15.34.31:424][104]LogModuleManager: Shutting down and abandoning module OnlineSubsystem (16)
[2015.07.25-15.34.31:424][104]LogModuleManager: Shutting down and abandoning module HTTP (15)
[2015.07.25-15.34.31:424][104]LogModuleManager: Shutting down and abandoning module ExampleDeviceProfileSelector (14)
[2015.07.25-15.34.31:424][104]LogModuleManager: Shutting down and abandoning module TextureCompressor (13)
[2015.07.25-15.34.31:424][104]LogModuleManager: Shutting down and abandoning module ShaderCore (12)
[2015.07.25-15.34.31:424][104]LogModuleManager: Shutting down and abandoning module Landscape (11)
[2015.07.25-15.34.31:424][104]LogModuleManager: Shutting down and abandoning module SlateRHIRenderer (10)
[2015.07.25-15.34.31:424][104]LogModuleManager: Shutting down and abandoning module OpenGLDrv (9)
[2015.07.25-15.34.31:425][104]LogModuleManager: Shutting down and abandoning module D3D11RHI (8)
[2015.07.25-15.34.31:425][104]LogModuleManager: Shutting down and abandoning module Renderer (7)
[2015.07.25-15.34.31:425][104]LogModuleManager: Shutting down and abandoning module Engine (6)
[2015.07.25-15.34.31:425][104]LogModuleManager: Shutting down and abandoning module CoreUObject (5)
[2015.07.25-15.34.31:425][104]LogModuleManager: Shutting down and abandoning module NetworkFile (4)
[2015.07.25-15.34.31:425][104]LogModuleManager: Shutting down and abandoning module StreamingFile (3)
[2015.07.25-15.34.31:425][104]LogModuleManager: Shutting down and abandoning module SandboxFile (2)
[2015.07.25-15.34.31:425][104]LogModuleManager: Shutting down and abandoning module PakFile (1)
[2015.07.25-15.34.31:425][104]LogExit: Exiting.
[2015.07.25-15.34.31:436][104]Log file closed, 07/25/15 17:34:31
