[2015.07.25-15.34.32:073][  0]Log file open, 07/25/15 17:34:32
[2015.07.25-15.34.32:073][  0]LogInit:Display: Running engine for game: Try_1
[2015.07.25-15.34.32:073][  0]LogInit:Display: RandInit(1695408199) SRandInit(1695408199).
[2015.07.25-15.34.32:073][  0]LogTaskGraph: Started task graph with 4 named threads and 7 total threads.
[2015.07.25-15.34.32:073][  0]LogStats: Stats thread started
[2015.07.25-15.34.32:073][  0]LogInit: Version: 4.8.2-2614606+++depot+UE4-Releases+4.8
[2015.07.25-15.34.32:073][  0]LogInit: API Version: 2579680
[2015.07.25-15.34.32:073][  0]LogInit: Compiled (64-bit): Jul  8 2015 23:43:41
[2015.07.25-15.34.32:073][  0]LogInit: Compiled with Visual C++: 18.00.21005.01
[2015.07.25-15.34.32:073][  0]LogInit: Build Configuration: Development
[2015.07.25-15.34.32:073][  0]LogInit: Branch Name: ++depot+UE4-Releases+4.8
[2015.07.25-15.34.32:073][  0]LogInit: Command line: 
[2015.07.25-15.34.32:073][  0]LogInit: Base directory: D:/UNREAL/Epic Games/4.8/Engine/Binaries/Win64/
[2015.07.25-15.34.32:073][  0]LogInit: Rocket: 1
[2015.07.25-15.34.32:088][  0]LogInit: Using libcurl 7.41.0
[2015.07.25-15.34.32:088][  0]LogInit:  - built for x86_64-pc-win32
[2015.07.25-15.34.32:088][  0]LogInit:  - supports SSL with WinSSL
[2015.07.25-15.34.32:088][  0]LogInit:  - other features:
[2015.07.25-15.34.32:088][  0]LogInit:      CURL_VERSION_SSL
[2015.07.25-15.34.32:088][  0]LogInit:      CURL_VERSION_IPV6
[2015.07.25-15.34.32:088][  0]LogInit:      CURL_VERSION_ASYNCHDNS
[2015.07.25-15.34.32:088][  0]LogInit:      CURL_VERSION_LARGEFILE
[2015.07.25-15.34.32:088][  0]LogInit:      CURL_VERSION_IDN
[2015.07.25-15.34.32:088][  0]LogInit:  CurlRequestOptions (configurable via config and command line):
[2015.07.25-15.34.32:088][  0]LogInit:  - bVerifyPeer = true  - Libcurl will verify peer certificate
[2015.07.25-15.34.32:088][  0]LogInit:  - bUseHttpProxy = false  - Libcurl will NOT use HTTP proxy
[2015.07.25-15.34.32:088][  0]LogInit:  - bDontReuseConnections = false  - Libcurl will reuse connections
[2015.07.25-15.34.32:088][  0]LogInit:  - CertBundlePath = nullptr  - Libcurl will use whatever was configured at build time.
[2015.07.25-15.34.32:100][  0]LogOnline:Warning: No default platform service specified for OnlineSubsystem
[2015.07.25-15.34.32:127][  0]LogInit: Presizing for 0 objects not considered by GC, pre-allocating 0 bytes.
[2015.07.25-15.34.32:136][  0]LogInit: Object subsystem initialized
[2015.07.25-15.34.32:137][  0]LogConsoleResponse:Warning: Skipping Unknown console variable: 'TranslucentSortAxis = (X=0.000000,Y=-1.000000,Z=0.000000)'
[2015.07.25-15.34.32:137][  0]LogConsoleResponse:Warning:   Found in ini file 'D:/PROJECTS/UNREAL/Try_1/Saved/Config/Windows/Engine.ini', in section '[/Script/Engine.RendererSettings]'
[2015.07.25-15.34.32:137][  0]LogConsoleResponse:Warning: Skipping Unknown console variable: 'UIScaleRule = ShortestSide'
[2015.07.25-15.34.32:137][  0]LogConsoleResponse:Warning:   Found in ini file 'D:/PROJECTS/UNREAL/Try_1/Saved/Config/Windows/Engine.ini', in section '[/Script/Engine.RendererSettings]'
[2015.07.25-15.34.32:137][  0]LogConsoleResponse:Warning: Skipping Unknown console variable: 'UIScaleCurve = (EditorCurveData=(Keys=),ExternalCurve=None)'
[2015.07.25-15.34.32:137][  0]LogConsoleResponse:Warning:   Found in ini file 'D:/PROJECTS/UNREAL/Try_1/Saved/Config/Windows/Engine.ini', in section '[/Script/Engine.RendererSettings]'
[2015.07.25-15.34.32:137][  0]LogInit: Selected Device Profile: [Windows]
[2015.07.25-15.34.32:137][  0]LogInit: Applying CVar settings loaded from the selected device profile: [Windows]
[2015.07.25-15.34.32:146][  0]LogInit: Computer: SHADOW
[2015.07.25-15.34.32:146][  0]LogInit: User: hooky000
[2015.07.25-15.34.32:146][  0]LogInit: CPU Page size=4096, Cores=4
[2015.07.25-15.34.32:146][  0]LogInit: High frequency timer resolution =2.241003 MHz
[2015.07.25-15.34.32:146][  0]LogMemory: Memory total: Physical=15.9GB (16GB approx)
[2015.07.25-15.34.32:146][  0]LogMemory: Platform Memory Stats for Windows
[2015.07.25-15.34.32:146][  0]LogMemory: Process Physical Memory: 48.67 MB used, 48.67 MB peak
[2015.07.25-15.34.32:146][  0]LogMemory: Process Virtual Memory: 24.82 MB used, 24.82 MB peak
[2015.07.25-15.34.32:146][  0]LogMemory: Physical Memory: 5739.95 MB used, 16240.93 MB total
[2015.07.25-15.34.32:146][  0]LogMemory: Virtual Memory: 294.65 MB used, 134217728.00 MB total
[2015.07.25-15.34.32:250][  0]LogTextLocalizationManager: The requested culture ('pl_PL') has no localization data; falling back to 'en' for localization and internationalization data.
[2015.07.25-15.34.32:492][  0]LogTextLocalizationManager:Warning: Loaded localization resources contain conflicting entries for (Namespace:ContentBrowser, Key:ImportAssetToolTip):
Localization Resource: (D:/UNREAL/Epic Games/4.8/Engine/Content/Localization/Editor/en/Editor.locres) Source String Hash: (-630476809) Localized String: (Import to {0}...)
Localization Resource: (D:/UNREAL/Epic Games/4.8/Engine/Content/Localization/Editor/en/Editor.locres) Source String Hash: (1271782899) Localized String: (Imports an asset from file to this folder.)
[2015.07.25-15.34.32:962][  0]LogD3D11RHI: Found D3D11 adapter 0: NVIDIA GeForce GT 650M   (Feature Level 11_0)
[2015.07.25-15.34.32:962][  0]LogD3D11RHI: Adapter has 1986MB of dedicated video memory, 0MB of dedicated system memory, and 2048MB of shared system memory, 1 output[s]
[2015.07.25-15.34.32:981][  0]LogD3D11RHI: Found D3D11 adapter 1: NVIDIA GeForce GT 650M   (Feature Level 11_0)
[2015.07.25-15.34.32:981][  0]LogD3D11RHI: Adapter has 1986MB of dedicated video memory, 0MB of dedicated system memory, and 2048MB of shared system memory, 0 output[s]
[2015.07.25-15.34.32:988][  0]LogD3D11RHI: Found D3D11 adapter 2: Microsoft Basic Render Driver (Feature Level 11_0)
[2015.07.25-15.34.32:988][  0]LogD3D11RHI: Adapter has 1986MB of dedicated video memory, 0MB of dedicated system memory, and 2048MB of shared system memory, 0 output[s]
[2015.07.25-15.34.32:988][  0]LogD3D11RHI: Chosen D3D11 Adapter Id = 0
[2015.07.25-15.34.32:993][  0]LogD3D11RHI: InitD3DDevice
[2015.07.25-15.34.32:993][  0]LogD3D11RHI: !Direct3DDevice
[2015.07.25-15.34.32:993][  0]LogRHI: Texture pool is 1361 MB (70% of 1945 MB)
[2015.07.25-15.34.33:008][  0]LogD3D11RHI: Async texture creation enabled
[2015.07.25-15.34.33:027][  0]LogShaderCompilers:Display: Using Local Shader Compiler.
[2015.07.25-15.34.34:100][  0]LogTemp:Display: Loaded TP DesktopTargetPlatform
[2015.07.25-15.34.34:116][  0]LogTemp:Display: Loaded TP WindowsClientTargetPlatform
[2015.07.25-15.34.34:132][  0]LogTemp:Display: Loaded TP WindowsNoEditorTargetPlatform
[2015.07.25-15.34.34:147][  0]LogTemp:Display: Loaded TP WindowsServerTargetPlatform
[2015.07.25-15.34.34:165][  0]LogTemp:Display: Loaded TP WindowsTargetPlatform
[2015.07.25-15.34.34:179][  0]LogTemp:Display: Loaded TP AndroidTargetPlatform
[2015.07.25-15.34.34:193][  0]LogTemp:Display: Loaded TP Android_ASTCTargetPlatform
[2015.07.25-15.34.34:207][  0]LogTemp:Display: Loaded TP Android_ATCTargetPlatform
[2015.07.25-15.34.34:221][  0]LogTemp:Display: Loaded TP Android_DXTTargetPlatform
[2015.07.25-15.34.34:237][  0]LogTemp:Display: Loaded TP Android_ETC1TargetPlatform
[2015.07.25-15.34.34:251][  0]LogTemp:Display: Loaded TP Android_ETC2TargetPlatform
[2015.07.25-15.34.34:265][  0]LogTemp:Display: Loaded TP Android_PVRTCTargetPlatform
[2015.07.25-15.34.34:323][  0]LogTemp:Display: Loaded TP IOSTargetPlatform
[2015.07.25-15.34.34:337][  0]LogTemp:Display: Loaded TP LinuxNoEditorTargetPlatform
[2015.07.25-15.34.34:352][  0]LogTemp:Display: Loaded TP LinuxServerTargetPlatform
[2015.07.25-15.34.34:369][  0]LogTemp:Display: Loaded TP LinuxTargetPlatform
[2015.07.25-15.34.34:369][  0]LogTargetPlatformManager:Display: Building Assets For Windows
[2015.07.25-15.34.34:657][  0]LogDerivedDataCache:Display: Max Cache Size: 512 MB
[2015.07.25-15.34.34:705][  0]LogDerivedDataCache: Loaded boot cache 0.05s 53MB C:/Users/hooky_000/AppData/Local/UnrealEngine/4.8/DerivedDataCache/Boot.ddc.
[2015.07.25-15.34.34:705][  0]LogDerivedDataCache:Display: Loaded Boot cache: C:/Users/hooky_000/AppData/Local/UnrealEngine/4.8/DerivedDataCache/Boot.ddc
[2015.07.25-15.34.34:705][  0]LogDerivedDataCache: FDerivedDataBackendGraph:  Pak pak cache file ../../../../../../PROJECTS/UNREAL/Try_1/DerivedDataCache/DDC.ddp not found, will not use a pak cache.
[2015.07.25-15.34.34:705][  0]LogDerivedDataCache: Unable to find inner node Pak for hierarchical cache Hierarchy.
[2015.07.25-15.34.34:705][  0]LogDerivedDataCache: FDerivedDataBackendGraph:  CompressedPak pak cache file ../../../../../../PROJECTS/UNREAL/Try_1/DerivedDataCache/Compressed.ddp not found, will not use a pak cache.
[2015.07.25-15.34.34:705][  0]LogDerivedDataCache: Unable to find inner node CompressedPak for hierarchical cache Hierarchy.
[2015.07.25-15.34.34:873][  0]LogDerivedDataCache:Display: Pak cache opened for reading ../../../Engine/DerivedDataCache/Compressed.ddp.
[2015.07.25-15.34.34:886][  0]LogDerivedDataCache: Using Local data cache path C:/Users/hooky_000/AppData/Local/UnrealEngine/Common/DerivedDataCache: Writable
[2015.07.25-15.34.35:700][  0]LogInit: Selected Device Profile: [Windows]
[2015.07.25-15.34.35:789][  0]ImportText (ComponentSweepMultiTests): Missing closing parenthesis: (RootShapeAsset="/Engine/BasicShapes/Cube.Cube",ShapeType="TriggerCapsule",HitResult=(Time=0.50,Location=(X=-100.000015,Y=0.0,Z=100.000015),ImpactPoint=(X=-50.0,Y=0.0,Z=50.0),Normal=(X=-1.0,Y=-0.0,Z=0.0),ImpactNormal=(X=0.0,Y=0.0,Z=1.0),TraceStart=(X=-200.0,Y=0.0,Z=200.0),TraceEnd=(X=0.0,Y=0.0,Z=0.0))
[2015.07.25-15.34.35:790][  0]ImportText (LineTraceSingleByChannelTests): Missing closing parenthesis: (RootShapeAsset="/Engine/BasicShapes/Cube.Cube",HitResult=(Time=0.50,Location=(X=-100.000015,Y=0.0,Z=100.000015),ImpactPoint=(X=-50.0,Y=0.0,Z=50.0),Normal=(X=-1.0,Y=-0.0,Z=0.0),ImpactNormal=(X=0.0,Y=0.0,Z=1.0),TraceStart=(X=-200.0,Y=0.0,Z=200.0),TraceEnd=(X=0.0,Y=0.0,Z=0.0))
[2015.07.25-15.34.35:821][  0]LogMeshUtilities: No automatic mesh reduction module available
[2015.07.25-15.34.35:821][  0]LogMeshUtilities: No automatic mesh merging module available
[2015.07.25-15.34.36:167][  0]LogInit: WinSock: version 1.1 (2.2), MaxSocks=32767, MaxUdp=65467
[2015.07.25-15.34.37:692][  0]UdpMessaging: Initializing bridge on interface 0.0.0.0:0 to multicast group 230.0.0.1:6666.
[2015.07.25-15.34.38:094][  0]SourceControl: Info Source control is disabled
[2015.07.25-15.34.38:095][  0]SourceControl: Info Source control is disabled
[2015.07.25-15.34.38:383][  0]LogObj: 26273 objects as part of root set at end of initial load.
[2015.07.25-15.34.38:383][  0]LogUObjectAllocator: 5409248 out of 0 bytes used by permanent object pool.
[2015.07.25-15.34.38:462][  0]LogEngine: Initializing Engine...
[2015.07.25-15.34.38:465][  0]LogHMD: Can't find Oculus library dev build: is proper Runtime installed? Version: 0.6.0.0
[2015.07.25-15.34.38:476][  0]LogHMD:Warning: SteamVR failed to initialize.  Error: 110
[2015.07.25-15.34.38:655][  0]LogAIModule: Creating AISystem for world NewWorld
[2015.07.25-15.34.38:666][  0]LogInit: XAudio2 using 'Głośniki / Słuchawki (IDT High Definition Audio CODEC)' : 2 channels at 48 kHz using 16 bits per sample (channel mask 0x3)
[2015.07.25-15.34.38:767][  0]LogInit: FAudioDevice initialized.
[2015.07.25-15.34.38:808][  0]LogDerivedDataCache: Saved boot cache 0.04s 53MB C:/Users/hooky_000/AppData/Local/UnrealEngine/4.8/DerivedDataCache/Boot.ddc.
[2015.07.25-15.34.38:812][  0]LogInit: Texture streaming: Disabled
[2015.07.25-15.34.38:840][  0]LogAnalytics: Creating configured Analytics provider AnalyticsET
[2015.07.25-15.34.38:840][  0]LogAnalytics: [UEEditor.Rocket.Release] APIServer = http://et2.epicgames.com/ET2/. AppVersion = 4.8.2-2614606+++depot+UE4-Releases+4.8
[2015.07.25-15.34.38:840][  0]LogAnalytics: [UEEditor.Rocket.Release] SetUserId 0ed3af18429ee1eeeefd91a1be868d0d|e010a70c7c7f4f2888452a4b50eeb526|13e4c4d9-078d-4e2f-b402-a8e53b84c967
[2015.07.25-15.34.38:840][  0]LogAnalytics: [UEEditor.Rocket.Release] AnalyticsET::StartSession
[2015.07.25-15.34.38:875][  0]LogInit: Transaction tracking system initialized
[2015.07.25-15.34.39:021][  0]BlueprintLog: New page: Editor Load
[2015.07.25-15.34.39:059][  0]LogAssetRegistry: FAssetRegistry took 0.0109 seconds to start up
[2015.07.25-15.34.39:059][  0]LogDirectoryWatcher:Warning: Failed to begin reading directory changes for ../../../Engine/Plugins/Experimental/CharacterAI/Content/. Error: 0
[2015.07.25-15.34.39:893][  0]LogConsoleManager:Warning: Console variable 'r.VSync' wasn't set ('GameSetting' has a lower priority than 'SystemSettingsIni')
[2015.07.25-15.34.39:894][  0]LogConsoleResponse:Display: 
[2015.07.25-15.34.40:048][  0]LogCook:Display: Done creating registry. It took  0.00s.
[2015.07.25-15.34.41:325][  0]SourceControl: Info Source control is disabled
[2015.07.25-15.34.41:325][  0]Cmd: MAP LOAD FILE="../../../../../../PROJECTS/UNREAL/Try_1/Content/ThirdPersonBP/Maps/ThirdPersonExampleMap.umap" TEMPLATE=0 SHOWPROGRESS=1 FEATURELEVEL=3
[2015.07.25-15.34.41:326][  0]LightingResults: New page: Lighting Build
[2015.07.25-15.34.41:341][  0]MapCheck: New page: Map Check
[2015.07.25-15.34.41:342][  0]LightingResults: New page: Lighting Build
[2015.07.25-15.34.41:352][  0]LogParticles: Destroying 0 GPU particle simulations for FXSystem 0x000000BA48D84B80
[2015.07.25-15.34.43:132][  0]LogAIModule: Creating AISystem for world ThirdPersonExampleMap
[2015.07.25-15.34.43:144][  0]LogEditorServer: Finished looking for orphan Actors (0.000 secs)
[2015.07.25-15.34.43:908][  0]Cmd: MAP CHECKDEP NOCLEARLOG
[2015.07.25-15.34.44:027][  0]MapCheck: Info Map check complete: 0 Error(s), 0 Warning(s), took 120.052ms to complete.
[2015.07.25-15.34.44:027][  0]LogFileHelpers: Loading map 'ThirdPersonExampleMap' took 2.703
[2015.07.25-15.34.44:153][  0]LogCollectionManager: Loaded 0 collections in 0.001413 seconds
[2015.07.25-15.34.44:161][  0]LogContentBrowser: Native class hierarchy populated in 0.0077 seconds. Added 1793 classes and 305 folders.
[2015.07.25-15.34.44:207][  0]LogContentBrowser: Native class hierarchy updated for 'WidgetCarousel' in 0.0004 seconds. Added 0 classes and 0 folders.
[2015.07.25-15.34.44:248][  0]LogContentBrowser: Native class hierarchy updated for 'AddContentDialog' in 0.0004 seconds. Added 0 classes and 0 folders.
[2015.07.25-15.34.44:266][  0]LogContentBrowser: Native class hierarchy updated for 'SceneOutliner' in 0.0005 seconds. Added 1 classes and 2 folders.
[2015.07.25-15.34.44:302][  0]LogCrashTracker: Crashtracker disabled due to settings.
[2015.07.25-15.34.44:305][  0]LogWindowsTextInputMethodSystem:Display: IME system now deactivated.
[2015.07.25-15.34.44:306][  0]LogD3D11RHI: InitD3DDevice
[2015.07.25-15.34.44:308][  0]LogDirectoryWatcher:Warning: Failed to begin reading directory changes for ../../../../../../PROJECTS/UNREAL/Try_1/Plugins/. Error: 0
[2015.07.25-15.34.44:308][  0]LogD3D11RHI: InitD3DDevice
[2015.07.25-15.34.44:314][  0]LogUObjectGlobals:Warning: Failed to find object 'Class None.'
[2015.07.25-15.34.44:338][  0]LogLoad: Full Startup: 14.13 seconds (BP compile: 0.67 seconds)
[2015.07.25-15.34.44:429][  0]LogContentStreaming: Texture pool size is 0.000000MB
[2015.07.25-15.34.44:490][  0]LogContentStreaming: Texture pool size now 1000 MB
[2015.07.25-15.34.44:623][  0]LogRenderer: Reallocating scene render targets to support 960x488 (Frame:2).
[2015.07.25-15.34.45:193][  9]LogAssetRegistry: Asset discovery search completed in 6.1446 seconds
[2015.07.25-15.34.56:494][484]LogD3D11RHI: InitD3DDevice
[2015.07.25-15.35.57:419][ 17]LogD3D11RHI: InitD3DDevice
[2015.07.25-15.36.19:326][841]Cmd: CLOSE_SLATE_MAINFRAME
[2015.07.25-15.36.19:496][841]LogWindowsTextInputMethodSystem:Display: IME system now deactivated.
[2015.07.25-15.36.19:748][842]Cmd: QUIT_EDITOR
[2015.07.25-15.36.19:996][842]LogExit: Preparing to exit.
[2015.07.25-15.36.20:891][842]LogExit: Editor shut down
[2015.07.25-15.36.20:891][842]LogExit: Transaction tracking system shut down
[2015.07.25-15.36.20:893][842]LogParticles: Destroying 0 GPU particle simulations for FXSystem 0x000000BA459A5800
[2015.07.25-15.36.20:893][842]LogParticles: Destroying 0 GPU particle simulations for FXSystem 0x000000BA5ACB39C0
[2015.07.25-15.36.20:893][842]LogParticles: Destroying 0 GPU particle simulations for FXSystem 0x000000BA4A1AF100
[2015.07.25-15.36.20:893][842]LogParticles: Destroying 0 GPU particle simulations for FXSystem 0x000000BA4A1AEF20
[2015.07.25-15.36.21:040][842]LogExit: Object subsystem successfully closed.
[2015.07.25-15.36.21:049][842]LogD3D11RHI: Shutdown
[2015.07.25-15.36.21:049][842]LogD3D11RHI: CleanupD3DDevice
[2015.07.25-15.36.21:093][842]LogD3D11RHI: ~FD3D11DynamicRHI
[2015.07.25-15.36.21:114][842]LogModuleManager: Shutting down and abandoning module CrashTracker (187)
[2015.07.25-15.36.21:114][842]LogModuleManager: Shutting down and abandoning module SceneOutliner (186)
[2015.07.25-15.36.21:114][842]LogModuleManager: Shutting down and abandoning module SuperSearch (185)
[2015.07.25-15.36.21:114][842]LogModuleManager: Shutting down and abandoning module WidgetCarousel (184)
[2015.07.25-15.36.21:114][842]LogModuleManager: Shutting down and abandoning module AddContentDialog (183)
[2015.07.25-15.36.21:115][842]LogModuleManager: Shutting down and abandoning module EditorWidgets (182)
[2015.07.25-15.36.21:115][842]LogModuleManager: Shutting down and abandoning module CollectionManager (181)
[2015.07.25-15.36.21:115][842]LogModuleManager: Shutting down and abandoning module StatsViewer (180)
[2015.07.25-15.36.21:115][842]LogModuleManager: Shutting down and abandoning module FoliageEdit (179)
[2015.07.25-15.36.21:115][842]LogModuleManager: Shutting down and abandoning module LandscapeEditor (178)
[2015.07.25-15.36.21:115][842]LogModuleManager: Shutting down and abandoning module ActorPickerMode (177)
[2015.07.25-15.36.21:115][842]LogModuleManager: Shutting down and abandoning module GeometryMode (176)
[2015.07.25-15.36.21:115][842]LogModuleManager: Shutting down and abandoning module TextureAlignMode (175)
[2015.07.25-15.36.21:115][842]LogModuleManager: Shutting down and abandoning module BspMode (174)
[2015.07.25-15.36.21:115][842]LogModuleManager: Shutting down and abandoning module PlacementMode (173)
[2015.07.25-15.36.21:115][842]LogModuleManager: Shutting down and abandoning module AutomationWorker (172)
[2015.07.25-15.36.21:115][842]LogModuleManager: Shutting down and abandoning module CharacterAI (171)
[2015.07.25-15.36.21:115][842]LogModuleManager: Shutting down and abandoning module PluginCreator (170)
[2015.07.25-15.36.21:115][842]LogModuleManager: Shutting down and abandoning module SmartSnapping (169)
[2015.07.25-15.36.21:115][842]LogModuleManager: Shutting down and abandoning module ViewportSnapping (168)
[2015.07.25-15.36.21:115][842]LogModuleManager: Shutting down and abandoning module LogVisualizer (167)
[2015.07.25-15.36.21:115][842]LogModuleManager: Shutting down and abandoning module GameProjectGeneration (166)
[2015.07.25-15.36.21:115][842]LogModuleManager: Shutting down and abandoning module IntroTutorials (165)
[2015.07.25-15.36.21:116][842]LogModuleManager: Shutting down and abandoning module EditorLiveStreaming (164)
[2015.07.25-15.36.21:116][842]LogModuleManager: Shutting down and abandoning module IOSPlatformEditor (163)
[2015.07.25-15.36.21:116][842]LogModuleManager: Shutting down and abandoning module HTML5PlatformEditor (162)
[2015.07.25-15.36.21:116][842]LogModuleManager: Shutting down and abandoning module AndroidDeviceDetection (161)
[2015.07.25-15.36.21:634][842]LogModuleManager: Shutting down and abandoning module AndroidPlatformEditor (160)
[2015.07.25-15.36.21:634][842]LogModuleManager: Shutting down and abandoning module IOSRuntimeSettings (159)
[2015.07.25-15.36.21:634][842]LogModuleManager: Shutting down and abandoning module AndroidRuntimeSettings (158)
[2015.07.25-15.36.21:634][842]LogModuleManager: Shutting down and abandoning module MergeActors (157)
[2015.07.25-15.36.21:634][842]LogModuleManager: Shutting down and abandoning module SizeMap (156)
[2015.07.25-15.36.21:634][842]LogModuleManager: Shutting down and abandoning module TreeMap (155)
[2015.07.25-15.36.21:634][842]LogModuleManager: Shutting down and abandoning module ReferenceViewer (154)
[2015.07.25-15.36.21:634][842]LogModuleManager: Shutting down and abandoning module LocalizationDashboard (153)
[2015.07.25-15.36.21:635][842]LogModuleManager: Shutting down and abandoning module HardwareTargeting (152)
[2015.07.25-15.36.21:635][842]LogModuleManager: Shutting down and abandoning module DeviceProfileEditor (151)
[2015.07.25-15.36.21:635][842]LogModuleManager: Shutting down and abandoning module UndoHistory (150)
[2015.07.25-15.36.21:635][842]LogModuleManager: Shutting down and abandoning module GameplayTagsEditor (149)
[2015.07.25-15.36.21:635][842]LogModuleManager: Shutting down and abandoning module UserFeedback (148)
[2015.07.25-15.36.21:635][842]LogModuleManager: Shutting down and abandoning module XmlParser (147)
[2015.07.25-15.36.21:635][842]LogModuleManager: Shutting down and abandoning module Blutility (146)
[2015.07.25-15.36.21:635][842]LogModuleManager: Shutting down and abandoning module ProjectTargetPlatformEditor (145)
[2015.07.25-15.36.21:635][842]LogModuleManager: Shutting down and abandoning module ProjectSettingsViewer (144)
[2015.07.25-15.36.21:635][842]LogModuleManager: Shutting down and abandoning module InputBindingEditor (143)
[2015.07.25-15.36.21:635][842]LogModuleManager: Shutting down and abandoning module EditorSettingsViewer (142)
[2015.07.25-15.36.21:635][842]LogModuleManager: Shutting down and abandoning module SettingsEditor (141)
[2015.07.25-15.36.21:635][842]LogModuleManager: Shutting down and abandoning module ProjectLauncher (140)
[2015.07.25-15.36.21:635][842]LogModuleManager: Shutting down and abandoning module SessionFrontend (139)
[2015.07.25-15.36.21:635][842]LogModuleManager: Shutting down and abandoning module ProfilerClient (138)
[2015.07.25-15.36.21:635][842]LogModuleManager: Shutting down and abandoning module TargetDeviceServices (137)
[2015.07.25-15.36.21:635][842]LogModuleManager: Shutting down and abandoning module DeviceManager (136)
[2015.07.25-15.36.21:635][842]LogModuleManager: Shutting down and abandoning module AutomationController (135)
[2015.07.25-15.36.21:635][842]LogModuleManager: Shutting down and abandoning module AutomationWindow (134)
[2015.07.25-15.36.21:635][842]LogModuleManager: Shutting down and abandoning module Layers (133)
[2015.07.25-15.36.21:635][842]LogModuleManager: Shutting down and abandoning module ComponentVisualizers (132)
[2015.07.25-15.36.21:635][842]LogModuleManager: Shutting down and abandoning module DetailCustomizations (131)
[2015.07.25-15.36.21:635][842]LogModuleManager: Shutting down and abandoning module PackagesDialog (130)
[2015.07.25-15.36.21:635][842]LogModuleManager: Shutting down and abandoning module AssetRegistry (129)
[2015.07.25-15.36.21:819][842]LogModuleManager: Shutting down and abandoning module Persona (128)
[2015.07.25-15.36.21:819][842]LogModuleManager: Shutting down and abandoning module Kismet (127)
[2015.07.25-15.36.21:819][842]LogModuleManager: Shutting down and abandoning module GraphEditor (126)
[2015.07.25-15.36.21:819][842]LogModuleManager: Shutting down and abandoning module ClassViewer (125)
[2015.07.25-15.36.21:819][842]LogModuleManager: Shutting down and abandoning module Toolbox (124)
[2015.07.25-15.36.21:819][842]LogModuleManager: Shutting down and abandoning module ModuleUI (123)
[2015.07.25-15.36.21:819][842]LogModuleManager: Shutting down and abandoning module MovieSceneTools (122)
[2015.07.25-15.36.21:819][842]LogModuleManager: Shutting down and abandoning module OutputLog (121)
[2015.07.25-15.36.21:819][842]LogModuleManager: Shutting down and abandoning module GammaUI (120)
[2015.07.25-15.36.21:819][842]LogModuleManager: Shutting down and abandoning module Documentation (119)
[2015.07.25-15.36.21:819][842]LogModuleManager: Shutting down and abandoning module GameLiveStreaming (118)
[2015.07.25-15.36.21:819][842]LogModuleManager: Shutting down and abandoning module StreamingPauseRendering (117)
[2015.07.25-15.36.21:819][842]LogModuleManager: Shutting down and abandoning module AnalyticsET (116)
[2015.07.25-15.36.21:820][842]LogModuleManager: Shutting down and abandoning module Analytics (115)
[2015.07.25-15.36.21:820][842]LogModuleManager: Shutting down and abandoning module AITestSuite (114)
[2015.07.25-15.36.21:820][842]LogModuleManager: Shutting down and abandoning module GameplayDebugger (113)
[2015.07.25-15.36.21:820][842]LogModuleManager: Shutting down and abandoning module AIModule (112)
[2015.07.25-15.36.21:820][842]LogModuleManager: Shutting down and abandoning module ProfilerService (111)
[2015.07.25-15.36.22:042][842]LogModuleManager: Shutting down and abandoning module TaskGraph (110)
[2015.07.25-15.36.22:042][842]LogModuleManager: Shutting down and abandoning module SlateRemote (109)
[2015.07.25-15.36.22:042][842]LogModuleManager: Shutting down and abandoning module SteamVRController (108)
[2015.07.25-15.36.22:042][842]LogModuleManager: Shutting down and abandoning module SteamVR (107)
[2015.07.25-15.36.22:042][842]LogModuleManager: Shutting down and abandoning module ProceduralMeshComponent (106)
[2015.07.25-15.36.22:042][842]LogModuleManager: Shutting down and abandoning module OculusRift (105)
[2015.07.25-15.36.22:042][842]LogModuleManager: Shutting down and abandoning module LeapMotionController (104)
[2015.07.25-15.36.22:059][842]LogModuleManager: Shutting down and abandoning module CustomMeshComponent (103)
[2015.07.25-15.36.22:059][842]LogModuleManager: Shutting down and abandoning module CableComponent (102)
[2015.07.25-15.36.22:059][842]LogModuleManager: Shutting down and abandoning module MessagingDebugger (101)
[2015.07.25-15.36.22:059][842]LogModuleManager: Shutting down and abandoning module MediaPlayerEditor (100)
[2015.07.25-15.36.22:059][842]LogModuleManager: Shutting down and abandoning module SpeedTreeImporter (99)
[2015.07.25-15.36.22:059][842]LogModuleManager: Shutting down and abandoning module PluginBrowser (98)
[2015.07.25-15.36.22:059][842]LogModuleManager: Shutting down and abandoning module EpicSurvey (97)
[2015.07.25-15.36.22:059][842]LogModuleManager: Shutting down and abandoning module DesktopPlatform (96)
[2015.07.25-15.36.22:059][842]LogModuleManager: Shutting down and abandoning module VisualStudioSourceCodeAccess (95)
[2015.07.25-15.36.22:059][842]LogModuleManager: Shutting down and abandoning module UObjectPlugin (94)
[2015.07.25-15.36.22:059][842]LogModuleManager: Shutting down and abandoning module SourceControl (93)
[2015.07.25-15.36.22:059][842]LogModuleManager: Shutting down and abandoning module GitSourceControl (92)
[2015.07.25-15.36.22:059][842]LogModuleManager: Shutting down and abandoning module BlankPlugin (91)
[2015.07.25-15.36.22:059][842]LogModuleManager: Shutting down and abandoning module PaperTiledImporter (90)
[2015.07.25-15.36.22:059][842]LogModuleManager: Shutting down and abandoning module PaperSpriteSheetImporter (89)
[2015.07.25-15.36.22:059][842]LogModuleManager: Shutting down and abandoning module MeshPaint (88)
[2015.07.25-15.36.22:059][842]LogModuleManager: Shutting down and abandoning module SlateReflector (87)
[2015.07.25-15.36.22:059][842]LogModuleManager: Shutting down and abandoning module DirectoryWatcher (86)
[2015.07.25-15.36.22:059][842]LogModuleManager: Shutting down and abandoning module HotReload (85)
[2015.07.25-15.36.22:059][842]LogModuleManager: Shutting down and abandoning module MainFrame (84)
[2015.07.25-15.36.22:059][842]LogModuleManager: Shutting down and abandoning module LevelEditor (83)
[2015.07.25-15.36.22:060][842]LogModuleManager: Shutting down and abandoning module ContentBrowser (82)
[2015.07.25-15.36.22:061][842]LogModuleManager: Shutting down and abandoning module Paper2DEditor (81)
[2015.07.25-15.36.22:061][842]LogModuleManager: Shutting down and abandoning module UdpMessaging (80)
[2015.07.25-15.36.22:163][842]LogModuleManager: Shutting down and abandoning module Paper2D (79)
[2015.07.25-15.36.22:163][842]LogModuleManager: Shutting down and abandoning module WindowsMoviePlayer (78)
[2015.07.25-15.36.22:165][842]LogModuleManager: Shutting down and abandoning module Media (77)
[2015.07.25-15.36.22:165][842]LogModuleManager: Shutting down and abandoning module WmfMedia (76)
[2015.07.25-15.36.22:166][842]LogModuleManager: Shutting down and abandoning module OnlineBlueprintSupport (75)
[2015.07.25-15.36.22:166][842]LogModuleManager: Shutting down and abandoning module PropertyEditor (74)
[2015.07.25-15.36.22:166][842]LogModuleManager: Shutting down and abandoning module BehaviorTreeEditor (73)
[2015.07.25-15.36.22:166][842]LogModuleManager: Shutting down and abandoning module FunctionalTesting (72)
[2015.07.25-15.36.22:166][842]LogModuleManager: Shutting down and abandoning module CollisionAnalyzer (71)
[2015.07.25-15.36.22:166][842]LogModuleManager: Shutting down and abandoning module WorkspaceMenuStructure (70)
[2015.07.25-15.36.22:166][842]LogModuleManager: Shutting down and abandoning module MessageLog (69)
[2015.07.25-15.36.22:166][842]LogModuleManager: Shutting down and abandoning module Sequencer (68)
[2015.07.25-15.36.22:166][842]LogModuleManager: Shutting down and abandoning module AssetTools (67)
[2015.07.25-15.36.22:166][842]LogModuleManager: Shutting down and abandoning module UMGEditor (66)
[2015.07.25-15.36.22:166][842]LogModuleManager: Shutting down and abandoning module UMG (65)
[2015.07.25-15.36.22:166][842]LogModuleManager: Shutting down and abandoning module Slate (64)
[2015.07.25-15.36.22:166][842]LogModuleManager: Shutting down and abandoning module EditorStyle (63)
[2015.07.25-15.36.22:169][842]LogModuleManager: Shutting down and abandoning module SessionServices (62)
[2015.07.25-15.36.22:169][842]LogModuleManager: Shutting down and abandoning module SourceCodeAccess (61)
[2015.07.25-15.36.22:169][842]LogModuleManager: Shutting down and abandoning module HeadMountedDisplay (60)
[2015.07.25-15.36.22:169][842]LogModuleManager: Shutting down and abandoning module XAudio2 (59)
[2015.07.25-15.36.22:169][842]LogModuleManager: Shutting down and abandoning module Networking (57)
[2015.07.25-15.36.22:169][842]LogModuleManager: Shutting down and abandoning module Core (56)
[2015.07.25-15.36.22:169][842]LogModuleManager: Shutting down and abandoning module KismetCompiler (55)
[2015.07.25-15.36.22:169][842]LogModuleManager: Shutting down and abandoning module PhysXFormats (54)
[2015.07.25-15.36.22:169][842]LogModuleManager: Shutting down and abandoning module MeshUtilities (53)
[2015.07.25-15.36.22:170][842]LogModuleManager: Shutting down and abandoning module DerivedDataCache (52)
[2015.07.25-15.36.22:494][842]LogDerivedDataCache: Shutdown
[2015.07.25-15.36.22:494][842]LogModuleManager: Shutting down and abandoning module ShaderFormatOpenGL (51)
[2015.07.25-15.36.22:494][842]LogModuleManager: Shutting down and abandoning module ShaderFormatD3D (50)
[2015.07.25-15.36.22:494][842]LogModuleManager: Shutting down and abandoning module MetalShaderFormat (49)
[2015.07.25-15.36.22:494][842]LogModuleManager: Shutting down and abandoning module TextureFormatUncompressed (48)
[2015.07.25-15.36.22:494][842]LogModuleManager: Shutting down and abandoning module TextureFormatPVR (47)
[2015.07.25-15.36.22:494][842]LogModuleManager: Shutting down and abandoning module TextureFormatIntelISPCTexComp (46)
[2015.07.25-15.36.22:494][842]LogModuleManager: Shutting down and abandoning module TextureFormatDXT (45)
[2015.07.25-15.36.22:494][842]LogModuleManager: Shutting down and abandoning module ImageWrapper (44)
[2015.07.25-15.36.22:494][842]LogModuleManager: Shutting down and abandoning module TextureFormatASTC (43)
[2015.07.25-15.36.22:494][842]LogModuleManager: Shutting down and abandoning module TextureFormatAndroid (42)
[2015.07.25-15.36.22:494][842]LogModuleManager: Shutting down and abandoning module AudioFormatOpus (41)
[2015.07.25-15.36.22:494][842]LogModuleManager: Shutting down and abandoning module AudioFormatOgg (40)
[2015.07.25-15.36.22:494][842]LogModuleManager: Shutting down and abandoning module AudioFormatADPCM (39)
[2015.07.25-15.36.22:494][842]LogModuleManager: Shutting down and abandoning module LinuxTargetPlatform (38)
[2015.07.25-15.36.22:494][842]LogModuleManager: Shutting down and abandoning module LinuxServerTargetPlatform (37)
[2015.07.25-15.36.22:494][842]LogModuleManager: Shutting down and abandoning module LinuxNoEditorTargetPlatform (36)
[2015.07.25-15.36.22:494][842]LogModuleManager: Shutting down and abandoning module Messaging (35)
[2015.07.25-15.36.22:494][842]LogModuleManager: Shutting down and abandoning module IOSTargetPlatform (34)
[2015.07.25-15.36.22:494][842]LogModuleManager: Shutting down and abandoning module HTML5TargetPlatform (33)
[2015.07.25-15.36.22:494][842]LogModuleManager: Shutting down and abandoning module Android_PVRTCTargetPlatform (32)
[2015.07.25-15.36.22:495][842]LogModuleManager: Shutting down and abandoning module Android_ETC2TargetPlatform (31)
[2015.07.25-15.36.22:495][842]LogModuleManager: Shutting down and abandoning module Android_ETC1TargetPlatform (30)
[2015.07.25-15.36.22:495][842]LogModuleManager: Shutting down and abandoning module Android_DXTTargetPlatform (29)
[2015.07.25-15.36.22:495][842]LogModuleManager: Shutting down and abandoning module Android_ATCTargetPlatform (28)
[2015.07.25-15.36.22:495][842]LogModuleManager: Shutting down and abandoning module Android_ASTCTargetPlatform (27)
[2015.07.25-15.36.22:495][842]LogModuleManager: Shutting down and abandoning module AndroidTargetPlatform (26)
[2015.07.25-15.36.22:495][842]LogModuleManager: Shutting down and abandoning module WindowsTargetPlatform (25)
[2015.07.25-15.36.22:495][842]LogModuleManager: Shutting down and abandoning module WindowsServerTargetPlatform (24)
[2015.07.25-15.36.22:495][842]LogModuleManager: Shutting down and abandoning module WindowsNoEditorTargetPlatform (23)
[2015.07.25-15.36.22:495][842]LogModuleManager: Shutting down and abandoning module WindowsClientTargetPlatform (22)
[2015.07.25-15.36.22:495][842]LogModuleManager: Shutting down and abandoning module DesktopTargetPlatform (21)
[2015.07.25-15.36.22:495][842]LogModuleManager: Shutting down and abandoning module TargetPlatform (20)
[2015.07.25-15.36.22:495][842]LogModuleManager: Shutting down and abandoning module InputCore (19)
[2015.07.25-15.36.22:495][842]LogModuleManager: Shutting down and abandoning module Settings (18)
[2015.07.25-15.36.22:495][842]LogModuleManager: Shutting down and abandoning module OnlineSubsystem (16)
[2015.07.25-15.36.22:495][842]LogModuleManager: Shutting down and abandoning module HTTP (15)
[2015.07.25-15.36.22:495][842]LogModuleManager: Shutting down and abandoning module ExampleDeviceProfileSelector (14)
[2015.07.25-15.36.22:495][842]LogModuleManager: Shutting down and abandoning module TextureCompressor (13)
[2015.07.25-15.36.22:495][842]LogModuleManager: Shutting down and abandoning module ShaderCore (12)
[2015.07.25-15.36.22:495][842]LogModuleManager: Shutting down and abandoning module Landscape (11)
[2015.07.25-15.36.22:495][842]LogModuleManager: Shutting down and abandoning module SlateRHIRenderer (10)
[2015.07.25-15.36.22:496][842]LogModuleManager: Shutting down and abandoning module OpenGLDrv (9)
[2015.07.25-15.36.22:496][842]LogModuleManager: Shutting down and abandoning module D3D11RHI (8)
[2015.07.25-15.36.22:496][842]LogModuleManager: Shutting down and abandoning module Renderer (7)
[2015.07.25-15.36.22:496][842]LogModuleManager: Shutting down and abandoning module Engine (6)
[2015.07.25-15.36.22:496][842]LogModuleManager: Shutting down and abandoning module CoreUObject (5)
[2015.07.25-15.36.22:496][842]LogModuleManager: Shutting down and abandoning module NetworkFile (4)
[2015.07.25-15.36.22:496][842]LogModuleManager: Shutting down and abandoning module StreamingFile (3)
[2015.07.25-15.36.22:496][842]LogModuleManager: Shutting down and abandoning module SandboxFile (2)
[2015.07.25-15.36.22:496][842]LogModuleManager: Shutting down and abandoning module PakFile (1)
[2015.07.25-15.36.22:496][842]LogExit: Exiting.
[2015.07.25-15.36.22:498][842]Log file closed, 07/25/15 17:36:22
